[0.195s] Invoking command in '/home/gregory2/fyp_ws/build/fyp_ws': CMAKE_PREFIX_PATH=${CMAKE_PREFIX_PATH}:/opt/ros/jazzy DEBUGINFOD_URLS=https://debuginfod.ubuntu.com /usr/bin/cmake --build /home/gregory2/fyp_ws/build/fyp_ws -- -j4 -l4
[2.014s] -- Found ament_cmake: 2.5.2 (/opt/ros/jazzy/share/ament_cmake/cmake)
[2.527s] -- Override CMake install command with custom implementation using symlinks instead of copying resources
[2.671s] -- Found rclcpp: 28.1.3 (/opt/ros/jazzy/share/rclcpp/cmake)
[3.008s] -- Found rosidl_generator_c: 4.6.3 (/opt/ros/jazzy/share/rosidl_generator_c/cmake)
[3.067s] -- Found rosidl_generator_cpp: 4.6.3 (/opt/ros/jazzy/share/rosidl_generator_cpp/cmake)
[3.122s] -- Using all available rosidl_typesupport_c: rosidl_typesupport_fastrtps_c;rosidl_typesupport_introspection_c
[3.184s] -- Using all available rosidl_typesupport_cpp: rosidl_typesupport_fastrtps_cpp;rosidl_typesupport_introspection_cpp
[3.451s] -- Found rmw_implementation_cmake: 7.3.1 (/opt/ros/jazzy/share/rmw_implementation_cmake/cmake)
[3.479s] -- Found rmw_fastrtps_cpp: 8.4.1 (/opt/ros/jazzy/share/rmw_fastrtps_cpp/cmake)
[3.872s] -- Using RMW implementation 'rmw_fastrtps_cpp' as default
[4.136s] -- Found std_msgs: 5.3.5 (/opt/ros/jazzy/share/std_msgs/cmake)
[4.173s] -- Found geometry_msgs: 5.3.5 (/opt/ros/jazzy/share/geometry_msgs/cmake)
[4.214s] -- Found control_msgs: 5.2.0 (/opt/ros/jazzy/share/control_msgs/cmake)
[4.463s] -- Found rclcpp_action: 28.1.3 (/opt/ros/jazzy/share/rclcpp_action/cmake)
[4.513s] -- Found ros_gz_sim: 1.0.2 (/opt/ros/jazzy/share/ros_gz_sim/cmake)
[4.525s] -- Found ros_gz_bridge: 1.0.2 (/opt/ros/jazzy/share/ros_gz_bridge/cmake)
[4.746s] -- Looking for gz-msgs10 -- found version 10.3.0
[4.836s] -- Searching for dependencies of gz-msgs10
[5.297s] -- Looking for gz-utils2 -- found version 2.2.0
[5.298s] -- Searching for dependencies of gz-utils2
[5.322s] -- Looking for gz-math7 -- found version 7.5.0
[5.322s] -- Searching for dependencies of gz-math7
[5.323s] -- Looking for gz-utils2 -- found version 2.2.0
[5.345s] -- Checking for module 'tinyxml2'
[5.506s] --   Found tinyxml2, version 10.0.0
[5.777s] -- Looking for gz-transport13 -- found version 13.4.0
[5.777s] -- Searching for dependencies of gz-transport13
[5.834s] -- Config-file not installed for ZeroMQ -- checking for pkg-config
[5.840s] -- Checking for module 'libzmq >= 4'
[5.898s] --   Found libzmq, version 4.3.5
[6.099s] -- Checking for module 'uuid'
[6.137s] --   Found uuid, version 2.39.3
[6.178s] -- Looking for gz-utils2 -- found version 2.2.0
[6.179s] -- Searching for dependencies of gz-utils2
[6.179s] -- Searching for <gz-utils2> component [cli]
[6.209s] -- Looking for gz-utils2-cli -- found version 2.2.0
[6.210s] -- Searching for dependencies of gz-utils2-cli
[6.211s] -- Looking for gz-msgs10 -- found version 10.3.0
[6.605s] -- Found xacro: 2.0.11 (/opt/ros/jazzy/share/xacro/cmake)
[6.656s] -- Found ament_lint_auto: 0.17.1 (/opt/ros/jazzy/share/ament_lint_auto/cmake)
[6.934s] -- Added test 'copyright' to check source files copyright and LICENSE
[6.973s] -- Added test 'cppcheck' to perform static code analysis on C / C++ code
[6.973s] -- Configured cppcheck include dirs: /home/gregory2/fyp_ws/include
[6.973s] -- Configured cppcheck exclude dirs and/or files: 
[7.012s] -- Added test 'cpplint' to check C / C++ code against the Google style
[7.012s] -- Configured cpplint exclude dirs and/or files: 
[7.019s] -- Added test 'flake8' to check Python code syntax and style conventions
[7.019s] -- Configured 'flake8' exclude dirs and/or files: 
[7.032s] -- Added test 'lint_cmake' to check CMake code style
[7.038s] -- Added test 'pep257' to check Python code against some of the docstring style conventions in PEP 257
[7.076s] -- Added test 'uncrustify' to check C / C++ code style
[7.076s] -- Configured uncrustify additional arguments: 
[7.082s] -- Added test 'xmllint' to check XML markup files
[7.085s] -- Configuring done (5.3s)
[7.332s] -- Generating done (0.2s)
[7.336s] -- Build files have been written to: /home/gregory2/fyp_ws/build/fyp_ws
[7.791s] [100%] Built target keyboard_control
[7.805s] Invoked command in '/home/gregory2/fyp_ws/build/fyp_ws' returned '0': CMAKE_PREFIX_PATH=${CMAKE_PREFIX_PATH}:/opt/ros/jazzy DEBUGINFOD_URLS=https://debuginfod.ubuntu.com /usr/bin/cmake --build /home/gregory2/fyp_ws/build/fyp_ws -- -j4 -l4
[7.854s] Invoking command in '/home/gregory2/fyp_ws/build/fyp_ws': CMAKE_PREFIX_PATH=${CMAKE_PREFIX_PATH}:/opt/ros/jazzy DEBUGINFOD_URLS=https://debuginfod.ubuntu.com /usr/bin/cmake --install /home/gregory2/fyp_ws/build/fyp_ws
[7.864s] -- Install configuration: ""
[7.865s] -- Execute custom install script
[7.865s] -- Up-to-date symlink: /home/gregory2/fyp_ws/install/fyp_ws/lib/fyp_ws/keyboard_control
[7.866s] -- Symlinking: /home/gregory2/fyp_ws/install/fyp_ws/share/fyp_ws//launch/dodobot.launch.py
[7.878s] -- Up-to-date symlink: /home/gregory2/fyp_ws/install/fyp_ws/share/fyp_ws//config/bridge_config.yaml
[7.878s] -- Symlinking: /home/gregory2/fyp_ws/install/fyp_ws/share/fyp_ws//config/controller.yaml
[7.890s] -- Symlinking: /home/gregory2/fyp_ws/install/fyp_ws/share/fyp_ws//urdf/dodobot.urdf.xacro
[7.902s] -- Up-to-date symlink: /home/gregory2/fyp_ws/install/fyp_ws/share/fyp_ws//worlds/my_world.sdf
[7.902s] -- Up-to-date symlink: /home/gregory2/fyp_ws/install/fyp_ws/share/fyp_ws//rviz/robot_lidar.rviz
[7.902s] -- Up-to-date symlink: /home/gregory2/fyp_ws/install/fyp_ws/share/ament_index/resource_index/package_run_dependencies/fyp_ws
[7.903s] -- Up-to-date symlink: /home/gregory2/fyp_ws/install/fyp_ws/share/ament_index/resource_index/parent_prefix_path/fyp_ws
[7.903s] -- Up-to-date symlink: /home/gregory2/fyp_ws/install/fyp_ws/share/fyp_ws/environment/ament_prefix_path.sh
[7.903s] -- Up-to-date symlink: /home/gregory2/fyp_ws/install/fyp_ws/share/fyp_ws/environment/ament_prefix_path.dsv
[7.904s] -- Up-to-date symlink: /home/gregory2/fyp_ws/install/fyp_ws/share/fyp_ws/environment/path.sh
[7.904s] -- Up-to-date symlink: /home/gregory2/fyp_ws/install/fyp_ws/share/fyp_ws/environment/path.dsv
[7.904s] -- Up-to-date symlink: /home/gregory2/fyp_ws/install/fyp_ws/share/fyp_ws/local_setup.bash
[7.905s] -- Up-to-date symlink: /home/gregory2/fyp_ws/install/fyp_ws/share/fyp_ws/local_setup.sh
[7.905s] -- Up-to-date symlink: /home/gregory2/fyp_ws/install/fyp_ws/share/fyp_ws/local_setup.zsh
[7.905s] -- Up-to-date symlink: /home/gregory2/fyp_ws/install/fyp_ws/share/fyp_ws/local_setup.dsv
[7.905s] -- Symlinking: /home/gregory2/fyp_ws/install/fyp_ws/share/fyp_ws/package.dsv
[7.918s] -- Up-to-date symlink: /home/gregory2/fyp_ws/install/fyp_ws/share/ament_index/resource_index/packages/fyp_ws
[7.918s] -- Up-to-date symlink: /home/gregory2/fyp_ws/install/fyp_ws/share/fyp_ws/cmake/fyp_wsConfig.cmake
[7.918s] -- Up-to-date symlink: /home/gregory2/fyp_ws/install/fyp_ws/share/fyp_ws/cmake/fyp_wsConfig-version.cmake
[7.918s] -- Up-to-date symlink: /home/gregory2/fyp_ws/install/fyp_ws/share/fyp_ws/package.xml
[7.921s] Invoked command in '/home/gregory2/fyp_ws/build/fyp_ws' returned '0': CMAKE_PREFIX_PATH=${CMAKE_PREFIX_PATH}:/opt/ros/jazzy DEBUGINFOD_URLS=https://debuginfod.ubuntu.com /usr/bin/cmake --install /home/gregory2/fyp_ws/build/fyp_ws
