[1.376s] DEBUG:colcon:Command line arguments: ['/usr/bin/colcon', 'build', '--symlink-install']
[1.376s] DEBUG:colcon:Parsed command line arguments: Namespace(log_base=None, log_level=None, verb_name='build', build_base='build', install_base='install', merge_install=False, symlink_install=True, test_result_base=None, continue_on_error=False, executor='parallel', parallel_workers=4, event_handlers=None, ignore_user_meta=False, metas=['./colcon.meta'], base_paths=['.'], packages_ignore=None, packages_ignore_regex=None, paths=None, packages_up_to=None, packages_up_to_regex=None, packages_above=None, packages_above_and_dependencies=None, packages_above_depth=None, packages_select_by_dep=None, packages_skip_by_dep=None, packages_skip_up_to=None, packages_select_build_failed=False, packages_skip_build_finished=False, packages_select_test_failures=False, packages_skip_test_passed=False, packages_select=None, packages_skip=None, packages_select_regex=None, packages_skip_regex=None, packages_start=None, packages_end=None, allow_overriding=[], cmake_args=None, cmake_target=None, cmake_target_skip_unavailable=False, cmake_clean_cache=False, cmake_clean_first=False, cmake_force_configure=False, ament_cmake_args=None, catkin_cmake_args=None, catkin_skip_building_tests=False, mixin_files=None, mixin=None, verb_parser=<colcon_mixin.mixin.mixin_argument.MixinArgumentDecorator object at 0x7a8521776780>, verb_extension=<colcon_core.verb.build.BuildVerb object at 0x7a852171dbb0>, main=<bound method BuildVerb.main of <colcon_core.verb.build.BuildVerb object at 0x7a852171dbb0>>, mixin_verb=('build',))
[1.843s] Level 1:colcon.colcon_core.package_discovery:discover_packages(colcon_meta) check parameters
[1.843s] Level 1:colcon.colcon_core.package_discovery:discover_packages(recursive) check parameters
[1.843s] Level 1:colcon.colcon_core.package_discovery:discover_packages(ignore) check parameters
[1.843s] Level 1:colcon.colcon_core.package_discovery:discover_packages(path) check parameters
[1.843s] Level 1:colcon.colcon_core.package_discovery:discover_packages(colcon_meta) discover
[1.843s] Level 1:colcon.colcon_core.package_discovery:discover_packages(recursive) discover
[1.843s] INFO:colcon.colcon_core.package_discovery:Crawling recursively for packages in '/home/gregory2/fyp_ws'
[1.843s] Level 1:colcon.colcon_core.package_identification:_identify(.) by extensions ['ignore', 'ignore_ament_install']
[1.843s] Level 1:colcon.colcon_core.package_identification:_identify(.) by extension 'ignore'
[1.843s] Level 1:colcon.colcon_core.package_identification:_identify(.) by extension 'ignore_ament_install'
[1.843s] Level 1:colcon.colcon_core.package_identification:_identify(.) by extensions ['colcon_pkg']
[1.843s] Level 1:colcon.colcon_core.package_identification:_identify(.) by extension 'colcon_pkg'
[1.844s] Level 1:colcon.colcon_core.package_identification:_identify(.) by extensions ['colcon_meta']
[1.844s] Level 1:colcon.colcon_core.package_identification:_identify(.) by extension 'colcon_meta'
[1.844s] Level 1:colcon.colcon_core.package_identification:_identify(.) by extensions ['ros']
[1.844s] Level 1:colcon.colcon_core.package_identification:_identify(.) by extension 'ros'
[1.877s] DEBUG:colcon.colcon_core.package_identification:Package '.' with type 'ros.ament_cmake' and name 'fyp_ws'
[1.877s] Level 1:colcon.colcon_core.package_discovery:discover_packages(recursive) using defaults
[1.878s] Level 1:colcon.colcon_core.package_discovery:discover_packages(ignore) discover
[1.878s] Level 1:colcon.colcon_core.package_discovery:discover_packages(ignore) using defaults
[1.878s] Level 1:colcon.colcon_core.package_discovery:discover_packages(path) discover
[1.878s] Level 1:colcon.colcon_core.package_discovery:discover_packages(path) using defaults
[2.043s] Level 1:colcon.colcon_core.package_discovery:discover_packages(prefix_path) check parameters
[2.043s] Level 1:colcon.colcon_core.package_discovery:discover_packages(prefix_path) discover
[2.145s] DEBUG:colcon.colcon_installed_package_information.package_discovery:Found 1 installed packages in /home/gregory2/fyp_ws/install
[2.147s] DEBUG:colcon.colcon_installed_package_information.package_discovery:Found 349 installed packages in /opt/ros/jazzy
[2.148s] Level 1:colcon.colcon_core.package_discovery:discover_packages(prefix_path) using defaults
[4.296s] Level 5:colcon.colcon_core.verb:set package 'fyp_ws' build argument 'cmake_args' from command line to 'None'
[4.297s] Level 5:colcon.colcon_core.verb:set package 'fyp_ws' build argument 'cmake_target' from command line to 'None'
[4.297s] Level 5:colcon.colcon_core.verb:set package 'fyp_ws' build argument 'cmake_target_skip_unavailable' from command line to 'False'
[4.297s] Level 5:colcon.colcon_core.verb:set package 'fyp_ws' build argument 'cmake_clean_cache' from command line to 'False'
[4.297s] Level 5:colcon.colcon_core.verb:set package 'fyp_ws' build argument 'cmake_clean_first' from command line to 'False'
[4.297s] Level 5:colcon.colcon_core.verb:set package 'fyp_ws' build argument 'cmake_force_configure' from command line to 'False'
[4.297s] Level 5:colcon.colcon_core.verb:set package 'fyp_ws' build argument 'ament_cmake_args' from command line to 'None'
[4.297s] Level 5:colcon.colcon_core.verb:set package 'fyp_ws' build argument 'catkin_cmake_args' from command line to 'None'
[4.297s] Level 5:colcon.colcon_core.verb:set package 'fyp_ws' build argument 'catkin_skip_building_tests' from command line to 'False'
[4.297s] DEBUG:colcon.colcon_core.verb:Building package 'fyp_ws' with the following arguments: {'ament_cmake_args': None, 'build_base': '/home/gregory2/fyp_ws/build/fyp_ws', 'catkin_cmake_args': None, 'catkin_skip_building_tests': False, 'cmake_args': None, 'cmake_clean_cache': False, 'cmake_clean_first': False, 'cmake_force_configure': False, 'cmake_target': None, 'cmake_target_skip_unavailable': False, 'install_base': '/home/gregory2/fyp_ws/install/fyp_ws', 'merge_install': False, 'path': '/home/gregory2/fyp_ws', 'symlink_install': True, 'test_result_base': None}
[4.298s] INFO:colcon.colcon_core.executor:Executing jobs using 'parallel' executor
[4.298s] DEBUG:colcon.colcon_parallel_executor.executor.parallel:run_until_complete
[4.299s] INFO:colcon.colcon_ros.task.ament_cmake.build:Building ROS package in '/home/gregory2/fyp_ws' with build type 'ament_cmake'
[4.299s] INFO:colcon.colcon_cmake.task.cmake.build:Building CMake package in '/home/gregory2/fyp_ws'
[4.518s] INFO:colcon.colcon_core.plugin_system:Skipping extension 'colcon_core.shell.bat': Not used on non-Windows systems
[4.518s] INFO:colcon.colcon_core.shell:Skip shell extension 'powershell' for command environment: Not usable outside of PowerShell
[4.518s] DEBUG:colcon.colcon_core.shell:Skip shell extension 'dsv' for command environment
[4.603s] DEBUG:colcon.colcon_core.event_handler.log_command:Invoking command in '/home/gregory2/fyp_ws/build/fyp_ws': CMAKE_PREFIX_PATH=${CMAKE_PREFIX_PATH}:/opt/ros/jazzy DEBUGINFOD_URLS=https://debuginfod.ubuntu.com /usr/bin/cmake --build /home/gregory2/fyp_ws/build/fyp_ws -- -j4 -l4
[18.551s] DEBUG:colcon.colcon_core.event_handler.log_command:Invoked command in '/home/gregory2/fyp_ws/build/fyp_ws' returned '0': CMAKE_PREFIX_PATH=${CMAKE_PREFIX_PATH}:/opt/ros/jazzy DEBUGINFOD_URLS=https://debuginfod.ubuntu.com /usr/bin/cmake --build /home/gregory2/fyp_ws/build/fyp_ws -- -j4 -l4
[18.612s] DEBUG:colcon.colcon_core.event_handler.log_command:Invoking command in '/home/gregory2/fyp_ws/build/fyp_ws': CMAKE_PREFIX_PATH=${CMAKE_PREFIX_PATH}:/opt/ros/jazzy DEBUGINFOD_URLS=https://debuginfod.ubuntu.com /usr/bin/cmake --install /home/gregory2/fyp_ws/build/fyp_ws
[18.773s] Level 1:colcon.colcon_core.environment:create_environment_scripts_only(fyp_ws)
[18.773s] DEBUG:colcon.colcon_core.event_handler.log_command:Invoked command in '/home/gregory2/fyp_ws/build/fyp_ws' returned '0': CMAKE_PREFIX_PATH=${CMAKE_PREFIX_PATH}:/opt/ros/jazzy DEBUGINFOD_URLS=https://debuginfod.ubuntu.com /usr/bin/cmake --install /home/gregory2/fyp_ws/build/fyp_ws
[18.860s] Level 1:colcon.colcon_core.environment:checking '/home/gregory2/fyp_ws/install/fyp_ws' for CMake module files
[18.860s] Level 1:colcon.colcon_core.environment:checking '/home/gregory2/fyp_ws/install/fyp_ws' for CMake config files
[18.860s] Level 1:colcon.colcon_core.shell:create_environment_hook('fyp_ws', 'cmake_prefix_path')
[18.861s] INFO:colcon.colcon_core.shell:Creating environment hook '/home/gregory2/fyp_ws/install/fyp_ws/share/fyp_ws/hook/cmake_prefix_path.ps1'
[18.870s] INFO:colcon.colcon_core.shell:Creating environment descriptor '/home/gregory2/fyp_ws/install/fyp_ws/share/fyp_ws/hook/cmake_prefix_path.dsv'
[18.874s] INFO:colcon.colcon_core.shell:Creating environment hook '/home/gregory2/fyp_ws/install/fyp_ws/share/fyp_ws/hook/cmake_prefix_path.sh'
[18.875s] Level 1:colcon.colcon_core.environment:checking '/home/gregory2/fyp_ws/install/fyp_ws/lib'
[18.875s] Level 1:colcon.colcon_core.environment:checking '/home/gregory2/fyp_ws/install/fyp_ws/bin'
[18.876s] Level 1:colcon.colcon_core.environment:checking '/home/gregory2/fyp_ws/install/fyp_ws/lib/pkgconfig/fyp_ws.pc'
[18.876s] Level 1:colcon.colcon_core.environment:checking '/home/gregory2/fyp_ws/install/fyp_ws/lib/python3.12/site-packages'
[18.876s] Level 1:colcon.colcon_core.environment:checking '/home/gregory2/fyp_ws/install/fyp_ws/bin'
[18.876s] INFO:colcon.colcon_core.shell:Creating package script '/home/gregory2/fyp_ws/install/fyp_ws/share/fyp_ws/package.ps1'
[18.878s] INFO:colcon.colcon_core.shell:Creating package descriptor '/home/gregory2/fyp_ws/install/fyp_ws/share/fyp_ws/package.dsv'
[18.879s] INFO:colcon.colcon_core.shell:Creating package script '/home/gregory2/fyp_ws/install/fyp_ws/share/fyp_ws/package.sh'
[18.880s] INFO:colcon.colcon_core.shell:Creating package script '/home/gregory2/fyp_ws/install/fyp_ws/share/fyp_ws/package.bash'
[18.906s] INFO:colcon.colcon_core.shell:Creating package script '/home/gregory2/fyp_ws/install/fyp_ws/share/fyp_ws/package.zsh'
[18.924s] Level 1:colcon.colcon_core.environment:create_file_with_runtime_dependencies(/home/gregory2/fyp_ws/install/fyp_ws/share/colcon-core/packages/fyp_ws)
[18.961s] Level 1:colcon.colcon_core.environment:create_environment_scripts_only(fyp_ws)
[18.962s] Level 1:colcon.colcon_core.environment:checking '/home/gregory2/fyp_ws/install/fyp_ws' for CMake module files
[18.962s] Level 1:colcon.colcon_core.environment:checking '/home/gregory2/fyp_ws/install/fyp_ws' for CMake config files
[18.963s] Level 1:colcon.colcon_core.shell:create_environment_hook('fyp_ws', 'cmake_prefix_path')
[18.963s] INFO:colcon.colcon_core.shell:Creating environment hook '/home/gregory2/fyp_ws/install/fyp_ws/share/fyp_ws/hook/cmake_prefix_path.ps1'
[18.963s] INFO:colcon.colcon_core.shell:Creating environment descriptor '/home/gregory2/fyp_ws/install/fyp_ws/share/fyp_ws/hook/cmake_prefix_path.dsv'
[18.964s] INFO:colcon.colcon_core.shell:Creating environment hook '/home/gregory2/fyp_ws/install/fyp_ws/share/fyp_ws/hook/cmake_prefix_path.sh'
[18.964s] Level 1:colcon.colcon_core.environment:checking '/home/gregory2/fyp_ws/install/fyp_ws/lib'
[18.964s] Level 1:colcon.colcon_core.environment:checking '/home/gregory2/fyp_ws/install/fyp_ws/bin'
[18.964s] Level 1:colcon.colcon_core.environment:checking '/home/gregory2/fyp_ws/install/fyp_ws/lib/pkgconfig/fyp_ws.pc'
[18.965s] Level 1:colcon.colcon_core.environment:checking '/home/gregory2/fyp_ws/install/fyp_ws/lib/python3.12/site-packages'
[18.965s] Level 1:colcon.colcon_core.environment:checking '/home/gregory2/fyp_ws/install/fyp_ws/bin'
[18.965s] INFO:colcon.colcon_core.shell:Creating package script '/home/gregory2/fyp_ws/install/fyp_ws/share/fyp_ws/package.ps1'
[18.966s] INFO:colcon.colcon_core.shell:Creating package descriptor '/home/gregory2/fyp_ws/install/fyp_ws/share/fyp_ws/package.dsv'
[18.966s] INFO:colcon.colcon_core.shell:Creating package script '/home/gregory2/fyp_ws/install/fyp_ws/share/fyp_ws/package.sh'
[18.967s] INFO:colcon.colcon_core.shell:Creating package script '/home/gregory2/fyp_ws/install/fyp_ws/share/fyp_ws/package.bash'
[18.967s] INFO:colcon.colcon_core.shell:Creating package script '/home/gregory2/fyp_ws/install/fyp_ws/share/fyp_ws/package.zsh'
[18.967s] Level 1:colcon.colcon_core.environment:create_file_with_runtime_dependencies(/home/gregory2/fyp_ws/install/fyp_ws/share/colcon-core/packages/fyp_ws)
[18.968s] DEBUG:colcon.colcon_parallel_executor.executor.parallel:closing loop
[18.968s] DEBUG:colcon.colcon_parallel_executor.executor.parallel:loop closed
[18.968s] DEBUG:colcon.colcon_parallel_executor.executor.parallel:run_until_complete finished with '0'
[18.968s] DEBUG:colcon.colcon_core.event_reactor:joining thread
[19.060s] INFO:colcon.colcon_core.plugin_system:Skipping extension 'colcon_notification.desktop_notification.terminal_notifier': Not used on non-Darwin systems
[19.060s] INFO:colcon.colcon_core.plugin_system:Skipping extension 'colcon_notification.desktop_notification.win32': Not used on non-Windows systems
[19.060s] INFO:colcon.colcon_notification.desktop_notification:Sending desktop notification using 'notify2'
[19.528s] DEBUG:colcon.colcon_core.event_reactor:joined thread
[19.529s] INFO:colcon.colcon_core.shell:Creating prefix script '/home/gregory2/fyp_ws/install/local_setup.ps1'
[19.647s] INFO:colcon.colcon_core.shell:Creating prefix util module '/home/gregory2/fyp_ws/install/_local_setup_util_ps1.py'
[19.740s] INFO:colcon.colcon_core.shell:Creating prefix chain script '/home/gregory2/fyp_ws/install/setup.ps1'
[19.742s] INFO:colcon.colcon_core.shell:Creating prefix script '/home/gregory2/fyp_ws/install/local_setup.sh'
[19.743s] INFO:colcon.colcon_core.shell:Creating prefix util module '/home/gregory2/fyp_ws/install/_local_setup_util_sh.py'
[19.744s] INFO:colcon.colcon_core.shell:Creating prefix chain script '/home/gregory2/fyp_ws/install/setup.sh'
[19.745s] INFO:colcon.colcon_core.shell:Creating prefix script '/home/gregory2/fyp_ws/install/local_setup.bash'
[19.771s] INFO:colcon.colcon_core.shell:Creating prefix chain script '/home/gregory2/fyp_ws/install/setup.bash'
[19.773s] INFO:colcon.colcon_core.shell:Creating prefix script '/home/gregory2/fyp_ws/install/local_setup.zsh'
[19.800s] INFO:colcon.colcon_core.shell:Creating prefix chain script '/home/gregory2/fyp_ws/install/setup.zsh'
