[0.019s] Invoking command in '/home/gregory2/fyp_ws/build/fyp_ws': CMAKE_PREFIX_PATH=${CMAKE_PREFIX_PATH}:/opt/ros/jazzy DEBUGINFOD_URLS=https://debuginfod.ubuntu.com /usr/bin/cmake --build /home/gregory2/fyp_ws/build/fyp_ws -- -j4 -l4
[0.054s] -- Found ament_cmake: 2.5.2 (/opt/ros/jazzy/share/ament_cmake/cmake)
[0.317s] -- Override CMake install command with custom implementation using symlinks instead of copying resources
[0.326s] -- Found rclcpp: 28.1.3 (/opt/ros/jazzy/share/rclcpp/cmake)
[0.361s] -- Found rosidl_generator_c: 4.6.3 (/opt/ros/jazzy/share/rosidl_generator_c/cmake)
[0.373s] -- Found rosidl_generator_cpp: 4.6.3 (/opt/ros/jazzy/share/rosidl_generator_cpp/cmake)
[0.388s] -- Using all available rosidl_typesupport_c: rosidl_typesupport_fastrtps_c;rosidl_typesupport_introspection_c
[0.408s] -- Using all available rosidl_typesupport_cpp: rosidl_typesupport_fastrtps_cpp;rosidl_typesupport_introspection_cpp
[0.489s] -- Found rmw_implementation_cmake: 7.3.1 (/opt/ros/jazzy/share/rmw_implementation_cmake/cmake)
[0.490s] -- Found rmw_fastrtps_cpp: 8.4.1 (/opt/ros/jazzy/share/rmw_fastrtps_cpp/cmake)
[0.575s] -- Using RMW implementation 'rmw_fastrtps_cpp' as default
[0.662s] -- Found std_msgs: 5.3.5 (/opt/ros/jazzy/share/std_msgs/cmake)
[0.679s] -- Found geometry_msgs: 5.3.5 (/opt/ros/jazzy/share/geometry_msgs/cmake)
[0.699s] -- Found control_msgs: 5.2.0 (/opt/ros/jazzy/share/control_msgs/cmake)
[0.858s] -- Found rclcpp_action: 28.1.3 (/opt/ros/jazzy/share/rclcpp_action/cmake)
[0.870s] -- Found ros_gz_sim: 1.0.2 (/opt/ros/jazzy/share/ros_gz_sim/cmake)
[0.872s] -- Found ros_gz_bridge: 1.0.2 (/opt/ros/jazzy/share/ros_gz_bridge/cmake)
[0.921s] -- Looking for gz-msgs10 -- found version 10.3.0
[0.928s] -- Searching for dependencies of gz-msgs10
[0.953s] -- Looking for gz-utils2 -- found version 2.2.0
[0.954s] -- Searching for dependencies of gz-utils2
[0.955s] -- Looking for gz-math7 -- found version 7.5.0
[0.955s] -- Searching for dependencies of gz-math7
[0.956s] -- Looking for gz-utils2 -- found version 2.2.0
[0.962s] -- Checking for module 'tinyxml2'
[0.980s] --   Found tinyxml2, version 10.0.0
[1.189s] -- Looking for gz-transport13 -- found version 13.4.0
[1.189s] -- Searching for dependencies of gz-transport13
[1.232s] -- Config-file not installed for ZeroMQ -- checking for pkg-config
[1.238s] -- Checking for module 'libzmq >= 4'
[1.257s] --   Found libzmq, version 4.3.5
[1.321s] -- Checking for module 'uuid'
[1.340s] --   Found uuid, version 2.39.3
[1.382s] -- Looking for gz-utils2 -- found version 2.2.0
[1.382s] -- Searching for dependencies of gz-utils2
[1.382s] -- Searching for <gz-utils2> component [cli]
[1.383s] -- Looking for gz-utils2-cli -- found version 2.2.0
[1.383s] -- Searching for dependencies of gz-utils2-cli
[1.385s] -- Looking for gz-msgs10 -- found version 10.3.0
[1.592s] -- Found xacro: 2.0.11 (/opt/ros/jazzy/share/xacro/cmake)
[1.595s] -- Found ament_lint_auto: 0.17.1 (/opt/ros/jazzy/share/ament_lint_auto/cmake)
[1.722s] -- Added test 'copyright' to check source files copyright and LICENSE
[1.764s] -- Added test 'cppcheck' to perform static code analysis on C / C++ code
[1.764s] -- Configured cppcheck include dirs: /home/gregory2/fyp_ws/include
[1.764s] -- Configured cppcheck exclude dirs and/or files: 
[1.807s] -- Added test 'cpplint' to check C / C++ code against the Google style
[1.808s] -- Configured cpplint exclude dirs and/or files: 
[1.813s] -- Added test 'flake8' to check Python code syntax and style conventions
[1.813s] -- Configured 'flake8' exclude dirs and/or files: 
[1.824s] -- Added test 'lint_cmake' to check CMake code style
[1.830s] -- Added test 'pep257' to check Python code against some of the docstring style conventions in PEP 257
[1.870s] -- Added test 'uncrustify' to check C / C++ code style
[1.870s] -- Configured uncrustify additional arguments: 
[1.875s] -- Added test 'xmllint' to check XML markup files
[1.877s] -- Configuring done (1.8s)
[2.234s] -- Generating done (0.3s)
[2.237s] -- Build files have been written to: /home/gregory2/fyp_ws/build/fyp_ws
[2.653s] [100%] Built target keyboard_control
[2.667s] Invoked command in '/home/gregory2/fyp_ws/build/fyp_ws' returned '0': CMAKE_PREFIX_PATH=${CMAKE_PREFIX_PATH}:/opt/ros/jazzy DEBUGINFOD_URLS=https://debuginfod.ubuntu.com /usr/bin/cmake --build /home/gregory2/fyp_ws/build/fyp_ws -- -j4 -l4
[2.714s] Invoking command in '/home/gregory2/fyp_ws/build/fyp_ws': CMAKE_PREFIX_PATH=${CMAKE_PREFIX_PATH}:/opt/ros/jazzy DEBUGINFOD_URLS=https://debuginfod.ubuntu.com /usr/bin/cmake --install /home/gregory2/fyp_ws/build/fyp_ws
[2.724s] -- Install configuration: ""
[2.725s] -- Execute custom install script
[2.725s] -- Up-to-date symlink: /home/gregory2/fyp_ws/install/fyp_ws/lib/fyp_ws/keyboard_control
[2.725s] [31mCMake Error at ament_cmake_symlink_install/ament_cmake_symlink_install.cmake:100 (message):
[2.725s]   ament_cmake_symlink_install_directory() can't find
[2.726s]   '/home/gregory2/fyp_ws/launch'
[2.726s] Call Stack (most recent call first):
[2.726s]   ament_cmake_symlink_install/ament_cmake_symlink_install.cmake:317 (ament_cmake_symlink_install_directory)
[2.726s]   cmake_install.cmake:46 (include)
[2.726s] 
[2.726s] [0m
[2.728s] Invoked command in '/home/gregory2/fyp_ws/build/fyp_ws' returned '1': CMAKE_PREFIX_PATH=${CMAKE_PREFIX_PATH}:/opt/ros/jazzy DEBUGINFOD_URLS=https://debuginfod.ubuntu.com /usr/bin/cmake --install /home/gregory2/fyp_ws/build/fyp_ws
