[0.029s] Invoking command in '/home/gregory2/fyp_ws/build/fyp_ws': CMAKE_PREFIX_PATH=${CMAKE_PREFIX_PATH}:/opt/ros/jazzy DEBUGINFOD_URLS=https://debuginfod.ubuntu.com /usr/bin/cmake --build /home/gregory2/fyp_ws/build/fyp_ws -- -j4 -l4
[0.310s] -- Found ament_cmake: 2.5.2 (/opt/ros/jazzy/share/ament_cmake/cmake)
[0.565s] -- Override CMake install command with custom implementation using symlinks instead of copying resources
[0.574s] -- Found rclcpp: 28.1.3 (/opt/ros/jazzy/share/rclcpp/cmake)
[0.612s] -- Found rosidl_generator_c: 4.6.3 (/opt/ros/jazzy/share/rosidl_generator_c/cmake)
[0.624s] -- Found rosidl_generator_cpp: 4.6.3 (/opt/ros/jazzy/share/rosidl_generator_cpp/cmake)
[0.638s] -- Using all available rosidl_typesupport_c: rosidl_typesupport_fastrtps_c;rosidl_typesupport_introspection_c
[0.655s] -- Using all available rosidl_typesupport_cpp: rosidl_typesupport_fastrtps_cpp;rosidl_typesupport_introspection_cpp
[0.739s] -- Found rmw_implementation_cmake: 7.3.1 (/opt/ros/jazzy/share/rmw_implementation_cmake/cmake)
[0.741s] -- Found rmw_fastrtps_cpp: 8.4.1 (/opt/ros/jazzy/share/rmw_fastrtps_cpp/cmake)
[0.825s] -- Using RMW implementation 'rmw_fastrtps_cpp' as default
[0.911s] -- Found std_msgs: 5.3.5 (/opt/ros/jazzy/share/std_msgs/cmake)
[0.929s] -- Found geometry_msgs: 5.3.5 (/opt/ros/jazzy/share/geometry_msgs/cmake)
[0.948s] -- Found control_msgs: 5.2.0 (/opt/ros/jazzy/share/control_msgs/cmake)
[1.098s] -- Found rclcpp_action: 28.1.3 (/opt/ros/jazzy/share/rclcpp_action/cmake)
[1.114s] -- Found ros_gz_sim: 1.0.2 (/opt/ros/jazzy/share/ros_gz_sim/cmake)
[1.117s] -- Found ros_gz_bridge: 1.0.2 (/opt/ros/jazzy/share/ros_gz_bridge/cmake)
[1.161s] -- Looking for gz-msgs10 -- found version 10.3.0
[1.168s] -- Searching for dependencies of gz-msgs10
[1.194s] -- Looking for gz-utils2 -- found version 2.2.0
[1.194s] -- Searching for dependencies of gz-utils2
[1.195s] -- Looking for gz-math7 -- found version 7.5.0
[1.195s] -- Searching for dependencies of gz-math7
[1.195s] -- Looking for gz-utils2 -- found version 2.2.0
[1.202s] -- Checking for module 'tinyxml2'
[1.245s] --   Found tinyxml2, version 10.0.0
[1.455s] -- Looking for gz-transport13 -- found version 13.4.0
[1.456s] -- Searching for dependencies of gz-transport13
[1.496s] -- Config-file not installed for ZeroMQ -- checking for pkg-config
[1.501s] -- Checking for module 'libzmq >= 4'
[1.523s] --   Found libzmq, version 4.3.5
[1.581s] -- Checking for module 'uuid'
[1.599s] --   Found uuid, version 2.39.3
[1.644s] -- Looking for gz-utils2 -- found version 2.2.0
[1.644s] -- Searching for dependencies of gz-utils2
[1.644s] -- Searching for <gz-utils2> component [cli]
[1.645s] -- Looking for gz-utils2-cli -- found version 2.2.0
[1.645s] -- Searching for dependencies of gz-utils2-cli
[1.646s] -- Looking for gz-msgs10 -- found version 10.3.0
[1.854s] -- Found xacro: 2.0.11 (/opt/ros/jazzy/share/xacro/cmake)
[1.857s] -- Found ament_lint_auto: 0.17.1 (/opt/ros/jazzy/share/ament_lint_auto/cmake)
[2.603s] -- Added test 'copyright' to check source files copyright and LICENSE
[2.644s] -- Added test 'cppcheck' to perform static code analysis on C / C++ code
[2.644s] -- Configured cppcheck include dirs: /home/gregory2/fyp_ws/include
[2.644s] -- Configured cppcheck exclude dirs and/or files: 
[2.700s] -- Added test 'cpplint' to check C / C++ code against the Google style
[2.700s] -- Configured cpplint exclude dirs and/or files: 
[2.708s] -- Added test 'flake8' to check Python code syntax and style conventions
[2.708s] -- Configured 'flake8' exclude dirs and/or files: 
[2.720s] -- Added test 'lint_cmake' to check CMake code style
[2.746s] -- Added test 'pep257' to check Python code against some of the docstring style conventions in PEP 257
[2.782s] -- Added test 'uncrustify' to check C / C++ code style
[2.782s] -- Configured uncrustify additional arguments: 
[2.804s] -- Added test 'xmllint' to check XML markup files
[2.849s] -- Configuring done (2.5s)
[3.178s] -- Generating done (0.2s)
[3.181s] -- Build files have been written to: /home/gregory2/fyp_ws/build/fyp_ws
[3.750s] [100%] Built target example_diff_drive
[3.750s] [100%] Built target keyboard_control
[3.764s] Invoked command in '/home/gregory2/fyp_ws/build/fyp_ws' returned '0': CMAKE_PREFIX_PATH=${CMAKE_PREFIX_PATH}:/opt/ros/jazzy DEBUGINFOD_URLS=https://debuginfod.ubuntu.com /usr/bin/cmake --build /home/gregory2/fyp_ws/build/fyp_ws -- -j4 -l4
[3.813s] Invoking command in '/home/gregory2/fyp_ws/build/fyp_ws': CMAKE_PREFIX_PATH=${CMAKE_PREFIX_PATH}:/opt/ros/jazzy DEBUGINFOD_URLS=https://debuginfod.ubuntu.com /usr/bin/cmake --install /home/gregory2/fyp_ws/build/fyp_ws
[3.826s] -- Install configuration: ""
[3.859s] -- Execute custom install script
[3.860s] -- Up-to-date symlink: /home/gregory2/fyp_ws/install/fyp_ws/lib/fyp_ws/example_diff_drive
[3.860s] -- Up-to-date symlink: /home/gregory2/fyp_ws/install/fyp_ws/lib/fyp_ws/keyboard_control
[3.861s] -- Up-to-date symlink: /home/gregory2/fyp_ws/install/fyp_ws/share/fyp_ws//launch/diff_drive_example.launch.py
[3.861s] -- Symlinking: /home/gregory2/fyp_ws/install/fyp_ws/share/fyp_ws//config/bridge_config.yaml
[3.873s] -- Up-to-date symlink: /home/gregory2/fyp_ws/install/fyp_ws/share/fyp_ws//config/diff_drive_controller_velocity.yaml
[3.873s] -- Up-to-date symlink: /home/gregory2/fyp_ws/install/fyp_ws/share/fyp_ws//urdf/test_diff_drive.urdf.xacro
[3.874s] -- Up-to-date symlink: /home/gregory2/fyp_ws/install/fyp_ws/share/fyp_ws//worlds/my_world.sdf
[3.874s] -- Up-to-date symlink: /home/gregory2/fyp_ws/install/fyp_ws/share/ament_index/resource_index/package_run_dependencies/fyp_ws
[3.874s] -- Up-to-date symlink: /home/gregory2/fyp_ws/install/fyp_ws/share/ament_index/resource_index/parent_prefix_path/fyp_ws
[3.875s] -- Up-to-date symlink: /home/gregory2/fyp_ws/install/fyp_ws/share/fyp_ws/environment/ament_prefix_path.sh
[3.875s] -- Up-to-date symlink: /home/gregory2/fyp_ws/install/fyp_ws/share/fyp_ws/environment/ament_prefix_path.dsv
[3.875s] -- Up-to-date symlink: /home/gregory2/fyp_ws/install/fyp_ws/share/fyp_ws/environment/path.sh
[3.876s] -- Up-to-date symlink: /home/gregory2/fyp_ws/install/fyp_ws/share/fyp_ws/environment/path.dsv
[3.876s] -- Up-to-date symlink: /home/gregory2/fyp_ws/install/fyp_ws/share/fyp_ws/local_setup.bash
[3.876s] -- Up-to-date symlink: /home/gregory2/fyp_ws/install/fyp_ws/share/fyp_ws/local_setup.sh
[3.877s] -- Up-to-date symlink: /home/gregory2/fyp_ws/install/fyp_ws/share/fyp_ws/local_setup.zsh
[3.877s] -- Up-to-date symlink: /home/gregory2/fyp_ws/install/fyp_ws/share/fyp_ws/local_setup.dsv
[3.877s] -- Symlinking: /home/gregory2/fyp_ws/install/fyp_ws/share/fyp_ws/package.dsv
[3.889s] -- Up-to-date symlink: /home/gregory2/fyp_ws/install/fyp_ws/share/ament_index/resource_index/packages/fyp_ws
[3.889s] -- Up-to-date symlink: /home/gregory2/fyp_ws/install/fyp_ws/share/fyp_ws/cmake/fyp_wsConfig.cmake
[3.890s] -- Up-to-date symlink: /home/gregory2/fyp_ws/install/fyp_ws/share/fyp_ws/cmake/fyp_wsConfig-version.cmake
[3.890s] -- Up-to-date symlink: /home/gregory2/fyp_ws/install/fyp_ws/share/fyp_ws/package.xml
[3.892s] Invoked command in '/home/gregory2/fyp_ws/build/fyp_ws' returned '0': CMAKE_PREFIX_PATH=${CMAKE_PREFIX_PATH}:/opt/ros/jazzy DEBUGINFOD_URLS=https://debuginfod.ubuntu.com /usr/bin/cmake --install /home/gregory2/fyp_ws/build/fyp_ws
