[5.839s] DEBUG:colcon:Command line arguments: ['/usr/bin/colcon', 'build', '--packages-select', 'my_robot_sim']
[5.839s] DEBUG:colcon:Parsed command line arguments: Namespace(log_base=None, log_level=None, verb_name='build', build_base='build', install_base='install', merge_install=False, symlink_install=False, test_result_base=None, continue_on_error=False, executor='parallel', parallel_workers=4, event_handlers=None, ignore_user_meta=False, metas=['./colcon.meta'], base_paths=['.'], packages_ignore=None, packages_ignore_regex=None, paths=None, packages_up_to=None, packages_up_to_regex=None, packages_above=None, packages_above_and_dependencies=None, packages_above_depth=None, packages_select_by_dep=None, packages_skip_by_dep=None, packages_skip_up_to=None, packages_select_build_failed=False, packages_skip_build_finished=False, packages_select_test_failures=False, packages_skip_test_passed=False, packages_select=['my_robot_sim'], packages_skip=None, packages_select_regex=None, packages_skip_regex=None, packages_start=None, packages_end=None, allow_overriding=[], cmake_args=None, cmake_target=None, cmake_target_skip_unavailable=False, cmake_clean_cache=False, cmake_clean_first=False, cmake_force_configure=False, ament_cmake_args=None, catkin_cmake_args=None, catkin_skip_building_tests=False, mixin_files=None, mixin=None, verb_parser=<colcon_mixin.mixin.mixin_argument.MixinArgumentDecorator object at 0x7beb7335b380>, verb_extension=<colcon_core.verb.build.BuildVerb object at 0x7beb733090a0>, main=<bound method BuildVerb.main of <colcon_core.verb.build.BuildVerb object at 0x7beb733090a0>>, mixin_verb=('build',))
[6.296s] Level 1:colcon.colcon_core.package_discovery:discover_packages(colcon_meta) check parameters
[6.297s] Level 1:colcon.colcon_core.package_discovery:discover_packages(recursive) check parameters
[6.297s] Level 1:colcon.colcon_core.package_discovery:discover_packages(ignore) check parameters
[6.297s] Level 1:colcon.colcon_core.package_discovery:discover_packages(path) check parameters
[6.297s] Level 1:colcon.colcon_core.package_discovery:discover_packages(colcon_meta) discover
[6.297s] Level 1:colcon.colcon_core.package_discovery:discover_packages(recursive) discover
[6.297s] INFO:colcon.colcon_core.package_discovery:Crawling recursively for packages in '/home/gregory2/fyp_ws'
[6.297s] Level 1:colcon.colcon_core.package_identification:_identify(.) by extensions ['ignore', 'ignore_ament_install']
[6.297s] Level 1:colcon.colcon_core.package_identification:_identify(.) by extension 'ignore'
[6.297s] Level 1:colcon.colcon_core.package_identification:_identify(.) by extension 'ignore_ament_install'
[6.297s] Level 1:colcon.colcon_core.package_identification:_identify(.) by extensions ['colcon_pkg']
[6.297s] Level 1:colcon.colcon_core.package_identification:_identify(.) by extension 'colcon_pkg'
[6.297s] Level 1:colcon.colcon_core.package_identification:_identify(.) by extensions ['colcon_meta']
[6.297s] Level 1:colcon.colcon_core.package_identification:_identify(.) by extension 'colcon_meta'
[6.297s] Level 1:colcon.colcon_core.package_identification:_identify(.) by extensions ['ros']
[6.297s] Level 1:colcon.colcon_core.package_identification:_identify(.) by extension 'ros'
[6.556s] DEBUG:colcon.colcon_core.package_identification:Package '.' with type 'ros.ament_cmake' and name 'fyp_ws'
[6.556s] Level 1:colcon.colcon_core.package_discovery:discover_packages(recursive) using defaults
[6.556s] Level 1:colcon.colcon_core.package_discovery:discover_packages(ignore) discover
[6.556s] Level 1:colcon.colcon_core.package_discovery:discover_packages(ignore) using defaults
[6.556s] Level 1:colcon.colcon_core.package_discovery:discover_packages(path) discover
[6.556s] Level 1:colcon.colcon_core.package_discovery:discover_packages(path) using defaults
[6.556s] WARNING:colcon.colcon_core.package_selection:ignoring unknown package 'my_robot_sim' in --packages-select
[6.854s] INFO:colcon.colcon_core.package_selection:Skipping not selected package 'fyp_ws' in '.'
[6.861s] Level 1:colcon.colcon_core.package_discovery:discover_packages(prefix_path) check parameters
[6.861s] Level 1:colcon.colcon_core.package_discovery:discover_packages(prefix_path) discover
[7.041s] DEBUG:colcon.colcon_installed_package_information.package_discovery:Found 1 installed packages in /home/gregory2/my_robot_sim/install
[7.059s] DEBUG:colcon.colcon_installed_package_information.package_discovery:Found 1 installed packages in /home/gregory2/fyp_ws/install
[7.097s] DEBUG:colcon.colcon_installed_package_information.package_discovery:Found 351 installed packages in /opt/ros/jazzy
[7.098s] Level 1:colcon.colcon_core.package_discovery:discover_packages(prefix_path) using defaults
[10.373s] INFO:colcon.colcon_core.executor:Executing jobs using 'parallel' executor
[10.374s] DEBUG:colcon.colcon_parallel_executor.executor.parallel:run_until_complete
[10.374s] DEBUG:colcon.colcon_parallel_executor.executor.parallel:closing loop
[10.374s] DEBUG:colcon.colcon_parallel_executor.executor.parallel:loop closed
[10.374s] DEBUG:colcon.colcon_parallel_executor.executor.parallel:run_until_complete finished with '0'
[10.374s] DEBUG:colcon.colcon_core.event_reactor:joining thread
[10.537s] INFO:colcon.colcon_core.plugin_system:Skipping extension 'colcon_notification.desktop_notification.terminal_notifier': Not used on non-Darwin systems
[10.537s] INFO:colcon.colcon_core.plugin_system:Skipping extension 'colcon_notification.desktop_notification.win32': Not used on non-Windows systems
[10.537s] INFO:colcon.colcon_notification.desktop_notification:Sending desktop notification using 'notify2'
[12.180s] DEBUG:colcon.colcon_core.event_reactor:joined thread
[12.376s] INFO:colcon.colcon_core.plugin_system:Skipping extension 'colcon_core.shell.bat': Not used on non-Windows systems
[12.376s] INFO:colcon.colcon_core.shell:Creating prefix script '/home/gregory2/fyp_ws/install/local_setup.ps1'
[12.415s] INFO:colcon.colcon_core.shell:Creating prefix util module '/home/gregory2/fyp_ws/install/_local_setup_util_ps1.py'
[12.431s] INFO:colcon.colcon_core.shell:Creating prefix chain script '/home/gregory2/fyp_ws/install/setup.ps1'
[12.432s] INFO:colcon.colcon_core.shell:Creating prefix script '/home/gregory2/fyp_ws/install/local_setup.sh'
[12.433s] INFO:colcon.colcon_core.shell:Creating prefix util module '/home/gregory2/fyp_ws/install/_local_setup_util_sh.py'
[12.433s] INFO:colcon.colcon_core.shell:Creating prefix chain script '/home/gregory2/fyp_ws/install/setup.sh'
[12.434s] INFO:colcon.colcon_core.shell:Creating prefix script '/home/gregory2/fyp_ws/install/local_setup.bash'
[12.450s] INFO:colcon.colcon_core.shell:Creating prefix chain script '/home/gregory2/fyp_ws/install/setup.bash'
[12.461s] INFO:colcon.colcon_core.shell:Creating prefix script '/home/gregory2/fyp_ws/install/local_setup.zsh'
[12.463s] INFO:colcon.colcon_core.shell:Creating prefix chain script '/home/gregory2/fyp_ws/install/setup.zsh'
