[0.158s] Invoking command in '/home/gregory2/fyp_ws/build/fyp_ws': CMAKE_PREFIX_PATH=${CMAKE_PREFIX_PATH}:/opt/ros/jazzy DEBUGINFOD_URLS=https://debuginfod.ubuntu.com /usr/bin/cmake --build /home/gregory2/fyp_ws/build/fyp_ws -- -j4 -l4
[0.708s] [ 50%] Built target example_diff_drive
[0.743s] [100%] Built target keyboard_control
[0.757s] Invoked command in '/home/gregory2/fyp_ws/build/fyp_ws' returned '0': CMAKE_PREFIX_PATH=${CMAKE_PREFIX_PATH}:/opt/ros/jazzy DEBUGINFOD_URLS=https://debuginfod.ubuntu.com /usr/bin/cmake --build /home/gregory2/fyp_ws/build/fyp_ws -- -j4 -l4
[0.808s] Invoking command in '/home/gregory2/fyp_ws/build/fyp_ws': CMAKE_PREFIX_PATH=${CMAKE_PREFIX_PATH}:/opt/ros/jazzy DEBUGINFOD_URLS=https://debuginfod.ubuntu.com /usr/bin/cmake --install /home/gregory2/fyp_ws/build/fyp_ws
[0.818s] -- Install configuration: ""
[0.819s] -- Execute custom install script
[0.819s] -- Up-to-date symlink: /home/gregory2/fyp_ws/install/fyp_ws/lib/fyp_ws/example_diff_drive
[0.820s] -- Up-to-date symlink: /home/gregory2/fyp_ws/install/fyp_ws/lib/fyp_ws/keyboard_control
[0.820s] -- Up-to-date symlink: /home/gregory2/fyp_ws/install/fyp_ws/share/fyp_ws//launch/diff_drive_example.launch.py
[0.820s] -- Up-to-date symlink: /home/gregory2/fyp_ws/install/fyp_ws/share/fyp_ws//config/diff_drive_controller_velocity.yaml
[0.821s] -- Up-to-date symlink: /home/gregory2/fyp_ws/install/fyp_ws/share/fyp_ws//urdf/test_diff_drive.xacro.urdf
[0.821s] -- Up-to-date symlink: /home/gregory2/fyp_ws/install/fyp_ws/share/ament_index/resource_index/package_run_dependencies/fyp_ws
[0.821s] -- Up-to-date symlink: /home/gregory2/fyp_ws/install/fyp_ws/share/ament_index/resource_index/parent_prefix_path/fyp_ws
[0.822s] -- Up-to-date symlink: /home/gregory2/fyp_ws/install/fyp_ws/share/fyp_ws/environment/ament_prefix_path.sh
[0.822s] -- Up-to-date symlink: /home/gregory2/fyp_ws/install/fyp_ws/share/fyp_ws/environment/ament_prefix_path.dsv
[0.822s] -- Up-to-date symlink: /home/gregory2/fyp_ws/install/fyp_ws/share/fyp_ws/environment/path.sh
[0.823s] -- Up-to-date symlink: /home/gregory2/fyp_ws/install/fyp_ws/share/fyp_ws/environment/path.dsv
[0.823s] -- Up-to-date symlink: /home/gregory2/fyp_ws/install/fyp_ws/share/fyp_ws/local_setup.bash
[0.823s] -- Up-to-date symlink: /home/gregory2/fyp_ws/install/fyp_ws/share/fyp_ws/local_setup.sh
[0.824s] -- Up-to-date symlink: /home/gregory2/fyp_ws/install/fyp_ws/share/fyp_ws/local_setup.zsh
[0.824s] -- Up-to-date symlink: /home/gregory2/fyp_ws/install/fyp_ws/share/fyp_ws/local_setup.dsv
[0.824s] -- Symlinking: /home/gregory2/fyp_ws/install/fyp_ws/share/fyp_ws/package.dsv
[0.836s] -- Up-to-date symlink: /home/gregory2/fyp_ws/install/fyp_ws/share/ament_index/resource_index/packages/fyp_ws
[0.836s] -- Up-to-date symlink: /home/gregory2/fyp_ws/install/fyp_ws/share/fyp_ws/cmake/fyp_wsConfig.cmake
[0.837s] -- Up-to-date symlink: /home/gregory2/fyp_ws/install/fyp_ws/share/fyp_ws/cmake/fyp_wsConfig-version.cmake
[0.837s] -- Up-to-date symlink: /home/gregory2/fyp_ws/install/fyp_ws/share/fyp_ws/package.xml
[0.839s] Invoked command in '/home/gregory2/fyp_ws/build/fyp_ws' returned '0': CMAKE_PREFIX_PATH=${CMAKE_PREFIX_PATH}:/opt/ros/jazzy DEBUGINFOD_URLS=https://debuginfod.ubuntu.com /usr/bin/cmake --install /home/gregory2/fyp_ws/build/fyp_ws
