[0.265s] Invoking command in '/home/gregory2/fyp_ws/build/fyp_ws': CMAKE_PREFIX_PATH=${CMAKE_PREFIX_PATH}:/opt/ros/jazzy DEBUGINFOD_URLS=https://debuginfod.ubuntu.com /usr/bin/cmake --build /home/gregory2/fyp_ws/build/fyp_ws -- -j4 -l4
[2.445s] -- Found ament_cmake: 2.5.2 (/opt/ros/jazzy/share/ament_cmake/cmake)
[2.987s] -- Override CMake install command with custom implementation using symlinks instead of copying resources
[3.191s] -- Found rclcpp: 28.1.3 (/opt/ros/jazzy/share/rclcpp/cmake)
[3.596s] -- Found rosidl_generator_c: 4.6.3 (/opt/ros/jazzy/share/rosidl_generator_c/cmake)
[3.654s] -- Found rosidl_generator_cpp: 4.6.3 (/opt/ros/jazzy/share/rosidl_generator_cpp/cmake)
[3.709s] -- Using all available rosidl_typesupport_c: rosidl_typesupport_fastrtps_c;rosidl_typesupport_introspection_c
[3.772s] -- Using all available rosidl_typesupport_cpp: rosidl_typesupport_fastrtps_cpp;rosidl_typesupport_introspection_cpp
[4.060s] -- Found rmw_implementation_cmake: 7.3.1 (/opt/ros/jazzy/share/rmw_implementation_cmake/cmake)
[4.088s] -- Found rmw_fastrtps_cpp: 8.4.1 (/opt/ros/jazzy/share/rmw_fastrtps_cpp/cmake)
[4.548s] -- Using RMW implementation 'rmw_fastrtps_cpp' as default
[4.812s] -- Found std_msgs: 5.3.5 (/opt/ros/jazzy/share/std_msgs/cmake)
[4.849s] -- Found geometry_msgs: 5.3.5 (/opt/ros/jazzy/share/geometry_msgs/cmake)
[4.900s] -- Found control_msgs: 5.2.0 (/opt/ros/jazzy/share/control_msgs/cmake)
[5.196s] -- Found rclcpp_action: 28.1.3 (/opt/ros/jazzy/share/rclcpp_action/cmake)
[5.244s] -- Found ros_gz_sim: 1.0.2 (/opt/ros/jazzy/share/ros_gz_sim/cmake)
[5.256s] -- Found ros_gz_bridge: 1.0.2 (/opt/ros/jazzy/share/ros_gz_bridge/cmake)
[5.477s] -- Looking for gz-msgs10 -- found version 10.3.0
[5.567s] -- Searching for dependencies of gz-msgs10
[5.973s] -- Looking for gz-utils2 -- found version 2.2.0
[5.974s] -- Searching for dependencies of gz-utils2
[5.998s] -- Looking for gz-math7 -- found version 7.5.0
[5.999s] -- Searching for dependencies of gz-math7
[5.999s] -- Looking for gz-utils2 -- found version 2.2.0
[6.024s] -- Checking for module 'tinyxml2'
[6.193s] --   Found tinyxml2, version 10.0.0
[6.471s] -- Looking for gz-transport13 -- found version 13.4.0
[6.472s] -- Searching for dependencies of gz-transport13
[6.532s] -- Config-file not installed for ZeroMQ -- checking for pkg-config
[6.537s] -- Checking for module 'libzmq >= 4'
[6.596s] --   Found libzmq, version 4.3.5
[6.738s] -- Checking for module 'uuid'
[6.788s] --   Found uuid, version 2.39.3
[6.833s] -- Looking for gz-utils2 -- found version 2.2.0
[6.833s] -- Searching for dependencies of gz-utils2
[6.833s] -- Searching for <gz-utils2> component [cli]
[6.850s] -- Looking for gz-utils2-cli -- found version 2.2.0
[6.851s] -- Searching for dependencies of gz-utils2-cli
[6.852s] -- Looking for gz-msgs10 -- found version 10.3.0
[7.270s] -- Found xacro: 2.0.11 (/opt/ros/jazzy/share/xacro/cmake)
[7.321s] -- Found ament_lint_auto: 0.17.1 (/opt/ros/jazzy/share/ament_lint_auto/cmake)
[7.625s] -- Added test 'copyright' to check source files copyright and LICENSE
[8.005s] -- Added test 'cppcheck' to perform static code analysis on C / C++ code
[8.006s] -- Configured cppcheck include dirs: /home/gregory2/fyp_ws/include
[8.006s] -- Configured cppcheck exclude dirs and/or files: 
[8.087s] -- Added test 'cpplint' to check C / C++ code against the Google style
[8.087s] -- Configured cpplint exclude dirs and/or files: 
[8.114s] -- Added test 'flake8' to check Python code syntax and style conventions
[8.114s] -- Configured 'flake8' exclude dirs and/or files: 
[8.143s] -- Added test 'lint_cmake' to check CMake code style
[8.152s] -- Added test 'pep257' to check Python code against some of the docstring style conventions in PEP 257
[8.206s] -- Added test 'uncrustify' to check C / C++ code style
[8.206s] -- Configured uncrustify additional arguments: 
[8.222s] -- Added test 'xmllint' to check XML markup files
[8.267s] -- Configuring done (6.1s)
[8.333s] [31mCMake Error at CMakeLists.txt:30 (add_executable):
[8.333s]   Cannot find source file:
[8.333s] 
[8.333s]     src/keyboard_control.cpp
[8.333s] 
[8.333s]   Tried extensions .c .C .c++ .cc .cpp .cxx .cu .mpp .m .M .mm .ixx .cppm
[8.333s]   .ccm .cxxm .c++m .h .hh .h++ .hm .hpp .hxx .in .txx .f .F .for .f77 .f90
[8.333s]   .f95 .f03 .hip .ispc
[8.333s] 
[8.333s] [0m
[8.346s] [31mCMake Error at CMakeLists.txt:30 (add_executable):
[8.347s]   No SOURCES given to target: keyboard_control
[8.347s] 
[8.347s] [0m
[8.347s] [0mCMake Generate step failed.  Build files cannot be regenerated correctly.[0m
[8.479s] gmake: *** [Makefile:267: cmake_check_build_system] Error 1
[8.481s] Invoked command in '/home/gregory2/fyp_ws/build/fyp_ws' returned '2': CMAKE_PREFIX_PATH=${CMAKE_PREFIX_PATH}:/opt/ros/jazzy DEBUGINFOD_URLS=https://debuginfod.ubuntu.com /usr/bin/cmake --build /home/gregory2/fyp_ws/build/fyp_ws -- -j4 -l4
