[0.019s] Invoking command in '/home/gregory2/fyp_ws/build/fyp_ws': CMAKE_PREFIX_PATH=${CMAKE_PREFIX_PATH}:/opt/ros/jazzy DEBUGINFOD_URLS=https://debuginfod.ubuntu.com /usr/bin/cmake --build /home/gregory2/fyp_ws/build/fyp_ws -- -j4 -l4
[0.055s] -- Found ament_cmake: 2.5.2 (/opt/ros/jazzy/share/ament_cmake/cmake)
[0.326s] -- Override CMake install command with custom implementation using symlinks instead of copying resources
[0.335s] -- Found rclcpp: 28.1.3 (/opt/ros/jazzy/share/rclcpp/cmake)
[0.371s] -- Found rosidl_generator_c: 4.6.3 (/opt/ros/jazzy/share/rosidl_generator_c/cmake)
[0.382s] -- Found rosidl_generator_cpp: 4.6.3 (/opt/ros/jazzy/share/rosidl_generator_cpp/cmake)
[0.397s] -- Using all available rosidl_typesupport_c: rosidl_typesupport_fastrtps_c;rosidl_typesupport_introspection_c
[0.418s] -- Using all available rosidl_typesupport_cpp: rosidl_typesupport_fastrtps_cpp;rosidl_typesupport_introspection_cpp
[0.506s] -- Found rmw_implementation_cmake: 7.3.1 (/opt/ros/jazzy/share/rmw_implementation_cmake/cmake)
[0.508s] -- Found rmw_fastrtps_cpp: 8.4.1 (/opt/ros/jazzy/share/rmw_fastrtps_cpp/cmake)
[0.589s] -- Using RMW implementation 'rmw_fastrtps_cpp' as default
[0.676s] -- Found std_msgs: 5.3.5 (/opt/ros/jazzy/share/std_msgs/cmake)
[0.694s] -- Found geometry_msgs: 5.3.5 (/opt/ros/jazzy/share/geometry_msgs/cmake)
[0.720s] -- Found control_msgs: 5.2.0 (/opt/ros/jazzy/share/control_msgs/cmake)
[0.873s] -- Found rclcpp_action: 28.1.3 (/opt/ros/jazzy/share/rclcpp_action/cmake)
[0.886s] -- Found ros_gz_sim: 1.0.2 (/opt/ros/jazzy/share/ros_gz_sim/cmake)
[0.888s] -- Found ros_gz_bridge: 1.0.2 (/opt/ros/jazzy/share/ros_gz_bridge/cmake)
[0.939s] -- Looking for gz-msgs10 -- found version 10.3.0
[0.945s] -- Searching for dependencies of gz-msgs10
[0.971s] -- Looking for gz-utils2 -- found version 2.2.0
[0.972s] -- Searching for dependencies of gz-utils2
[0.973s] -- Looking for gz-math7 -- found version 7.5.0
[0.973s] -- Searching for dependencies of gz-math7
[0.973s] -- Looking for gz-utils2 -- found version 2.2.0
[0.980s] -- Checking for module 'tinyxml2'
[0.998s] --   Found tinyxml2, version 10.0.0
[1.219s] -- Looking for gz-transport13 -- found version 13.4.0
[1.219s] -- Searching for dependencies of gz-transport13
[1.259s] -- Config-file not installed for ZeroMQ -- checking for pkg-config
[1.265s] -- Checking for module 'libzmq >= 4'
[1.284s] --   Found libzmq, version 4.3.5
[1.344s] -- Checking for module 'uuid'
[1.367s] --   Found uuid, version 2.39.3
[1.411s] -- Looking for gz-utils2 -- found version 2.2.0
[1.412s] -- Searching for dependencies of gz-utils2
[1.412s] -- Searching for <gz-utils2> component [cli]
[1.412s] -- Looking for gz-utils2-cli -- found version 2.2.0
[1.413s] -- Searching for dependencies of gz-utils2-cli
[1.414s] -- Looking for gz-msgs10 -- found version 10.3.0
[1.619s] -- Found xacro: 2.0.11 (/opt/ros/jazzy/share/xacro/cmake)
[1.622s] -- Found ament_lint_auto: 0.17.1 (/opt/ros/jazzy/share/ament_lint_auto/cmake)
[1.745s] -- Added test 'copyright' to check source files copyright and LICENSE
[1.790s] -- Added test 'cppcheck' to perform static code analysis on C / C++ code
[1.790s] -- Configured cppcheck include dirs: /home/gregory2/fyp_ws/include
[1.790s] -- Configured cppcheck exclude dirs and/or files: 
[1.833s] -- Added test 'cpplint' to check C / C++ code against the Google style
[1.833s] -- Configured cpplint exclude dirs and/or files: 
[1.838s] -- Added test 'flake8' to check Python code syntax and style conventions
[1.838s] -- Configured 'flake8' exclude dirs and/or files: 
[1.848s] -- Added test 'lint_cmake' to check CMake code style
[1.854s] -- Added test 'pep257' to check Python code against some of the docstring style conventions in PEP 257
[1.893s] -- Added test 'uncrustify' to check C / C++ code style
[1.894s] -- Configured uncrustify additional arguments: 
[1.899s] -- Added test 'xmllint' to check XML markup files
[1.900s] -- Configuring done (1.9s)
[1.909s] [31mCMake Error at CMakeLists.txt:30 (add_executable):
[1.909s]   Cannot find source file:
[1.909s] 
[1.909s]     examples/keyboard_control.cpp
[1.909s] 
[1.910s]   Tried extensions .c .C .c++ .cc .cpp .cxx .cu .mpp .m .M .mm .ixx .cppm
[1.910s]   .ccm .cxxm .c++m .h .hh .h++ .hm .hpp .hxx .in .txx .f .F .for .f77 .f90
[1.910s]   .f95 .f03 .hip .ispc
[1.910s] 
[1.910s] [0m
[1.912s] [31mCMake Error at CMakeLists.txt:30 (add_executable):
[1.912s]   No SOURCES given to target: keyboard_control
[1.913s] 
[1.913s] [0m
[1.913s] [0mCMake Generate step failed.  Build files cannot be regenerated correctly.[0m
[1.926s] gmake: *** [Makefile:267: cmake_check_build_system] Error 1
[1.928s] Invoked command in '/home/gregory2/fyp_ws/build/fyp_ws' returned '2': CMAKE_PREFIX_PATH=${CMAKE_PREFIX_PATH}:/opt/ros/jazzy DEBUGINFOD_URLS=https://debuginfod.ubuntu.com /usr/bin/cmake --build /home/gregory2/fyp_ws/build/fyp_ws -- -j4 -l4
