[0.190s] Invoking command in '/home/gregory2/fyp_ws/build/fyp_ws': CMAKE_PREFIX_PATH=${CMAKE_PREFIX_PATH}:/opt/ros/jazzy DEBUGINFOD_URLS=https://debuginfod.ubuntu.com /usr/bin/cmake --build /home/gregory2/fyp_ws/build/fyp_ws -- -j4 -l4
[1.747s] -- Found ament_cmake: 2.5.2 (/opt/ros/jazzy/share/ament_cmake/cmake)
[2.374s] -- Override CMake install command with custom implementation using symlinks instead of copying resources
[2.537s] -- Found rclcpp: 28.1.3 (/opt/ros/jazzy/share/rclcpp/cmake)
[2.826s] -- Found rosidl_generator_c: 4.6.3 (/opt/ros/jazzy/share/rosidl_generator_c/cmake)
[2.900s] -- Found rosidl_generator_cpp: 4.6.3 (/opt/ros/jazzy/share/rosidl_generator_cpp/cmake)
[2.977s] -- Using all available rosidl_typesupport_c: rosidl_typesupport_fastrtps_c;rosidl_typesupport_introspection_c
[3.008s] -- Using all available rosidl_typesupport_cpp: rosidl_typesupport_fastrtps_cpp;rosidl_typesupport_introspection_cpp
[3.326s] -- Found rmw_implementation_cmake: 7.3.1 (/opt/ros/jazzy/share/rmw_implementation_cmake/cmake)
[3.345s] -- Found rmw_fastrtps_cpp: 8.4.1 (/opt/ros/jazzy/share/rmw_fastrtps_cpp/cmake)
[3.772s] -- Using RMW implementation 'rmw_fastrtps_cpp' as default
[4.047s] -- Found std_msgs: 5.3.5 (/opt/ros/jazzy/share/std_msgs/cmake)
[4.084s] -- Found geometry_msgs: 5.3.5 (/opt/ros/jazzy/share/geometry_msgs/cmake)
[4.125s] -- Found control_msgs: 5.2.0 (/opt/ros/jazzy/share/control_msgs/cmake)
[4.396s] -- Found rclcpp_action: 28.1.3 (/opt/ros/jazzy/share/rclcpp_action/cmake)
[4.446s] -- Found ros_gz_sim: 1.0.2 (/opt/ros/jazzy/share/ros_gz_sim/cmake)
[4.458s] -- Found ros_gz_bridge: 1.0.2 (/opt/ros/jazzy/share/ros_gz_bridge/cmake)
[4.667s] -- Looking for gz-msgs10 -- found version 10.3.0
[4.747s] -- Searching for dependencies of gz-msgs10
[5.308s] -- Looking for gz-utils2 -- found version 2.2.0
[5.309s] -- Searching for dependencies of gz-utils2
[5.333s] -- Looking for gz-math7 -- found version 7.5.0
[5.333s] -- Searching for dependencies of gz-math7
[5.333s] -- Looking for gz-utils2 -- found version 2.2.0
[5.356s] -- Checking for module 'tinyxml2'
[5.517s] --   Found tinyxml2, version 10.0.0
[5.822s] -- Looking for gz-transport13 -- found version 13.4.0
[5.822s] -- Searching for dependencies of gz-transport13
[5.875s] -- Config-file not installed for ZeroMQ -- checking for pkg-config
[5.881s] -- Checking for module 'libzmq >= 4'
[5.942s] --   Found libzmq, version 4.3.5
[6.088s] -- Checking for module 'uuid'
[6.126s] --   Found uuid, version 2.39.3
[6.168s] -- Looking for gz-utils2 -- found version 2.2.0
[6.169s] -- Searching for dependencies of gz-utils2
[6.169s] -- Searching for <gz-utils2> component [cli]
[6.196s] -- Looking for gz-utils2-cli -- found version 2.2.0
[6.197s] -- Searching for dependencies of gz-utils2-cli
[6.198s] -- Looking for gz-msgs10 -- found version 10.3.0
[6.594s] -- Found xacro: 2.0.11 (/opt/ros/jazzy/share/xacro/cmake)
[6.645s] -- Found ament_lint_auto: 0.17.1 (/opt/ros/jazzy/share/ament_lint_auto/cmake)
[6.979s] -- Added test 'copyright' to check source files copyright and LICENSE
[7.212s] -- Added test 'cppcheck' to perform static code analysis on C / C++ code
[7.212s] -- Configured cppcheck include dirs: /home/gregory2/fyp_ws/include
[7.212s] -- Configured cppcheck exclude dirs and/or files: 
[7.253s] -- Added test 'cpplint' to check C / C++ code against the Google style
[7.253s] -- Configured cpplint exclude dirs and/or files: 
[7.287s] -- Added test 'flake8' to check Python code syntax and style conventions
[7.287s] -- Configured 'flake8' exclude dirs and/or files: 
[7.310s] -- Added test 'lint_cmake' to check CMake code style
[7.321s] -- Added test 'pep257' to check Python code against some of the docstring style conventions in PEP 257
[7.364s] -- Added test 'uncrustify' to check C / C++ code style
[7.364s] -- Configured uncrustify additional arguments: 
[7.389s] -- Added test 'xmllint' to check XML markup files
[7.436s] -- Configuring done (6.0s)
[7.751s] -- Generating done (0.2s)
[7.754s] -- Build files have been written to: /home/gregory2/fyp_ws/build/fyp_ws
[8.236s] [100%] Built target example_diff_drive
[8.237s] [100%] Built target keyboard_control
[8.251s] Invoked command in '/home/gregory2/fyp_ws/build/fyp_ws' returned '0': CMAKE_PREFIX_PATH=${CMAKE_PREFIX_PATH}:/opt/ros/jazzy DEBUGINFOD_URLS=https://debuginfod.ubuntu.com /usr/bin/cmake --build /home/gregory2/fyp_ws/build/fyp_ws -- -j4 -l4
[8.299s] Invoking command in '/home/gregory2/fyp_ws/build/fyp_ws': CMAKE_PREFIX_PATH=${CMAKE_PREFIX_PATH}:/opt/ros/jazzy DEBUGINFOD_URLS=https://debuginfod.ubuntu.com /usr/bin/cmake --install /home/gregory2/fyp_ws/build/fyp_ws
[8.311s] -- Install configuration: ""
[8.311s] -- Execute custom install script
[8.312s] -- Up-to-date symlink: /home/gregory2/fyp_ws/install/fyp_ws/lib/fyp_ws/example_diff_drive
[8.312s] -- Up-to-date symlink: /home/gregory2/fyp_ws/install/fyp_ws/lib/fyp_ws/keyboard_control
[8.312s] -- Up-to-date symlink: /home/gregory2/fyp_ws/install/fyp_ws/share/fyp_ws//launch/diff_drive_example.launch.py
[8.313s] -- Up-to-date symlink: /home/gregory2/fyp_ws/install/fyp_ws/share/fyp_ws//config/bridge_config.yaml
[8.313s] -- Up-to-date symlink: /home/gregory2/fyp_ws/install/fyp_ws/share/fyp_ws//config/diff_drive_controller_velocity.yaml
[8.313s] -- Up-to-date symlink: /home/gregory2/fyp_ws/install/fyp_ws/share/fyp_ws//urdf/test_diff_drive.urdf.xacro
[8.313s] -- Up-to-date symlink: /home/gregory2/fyp_ws/install/fyp_ws/share/fyp_ws//worlds/my_world.sdf
[8.314s] -- Symlinking: /home/gregory2/fyp_ws/install/fyp_ws/share/fyp_ws//rviz/robot_lidar.rviz
[8.330s] -- Up-to-date symlink: /home/gregory2/fyp_ws/install/fyp_ws/share/ament_index/resource_index/package_run_dependencies/fyp_ws
[8.330s] -- Up-to-date symlink: /home/gregory2/fyp_ws/install/fyp_ws/share/ament_index/resource_index/parent_prefix_path/fyp_ws
[8.330s] -- Up-to-date symlink: /home/gregory2/fyp_ws/install/fyp_ws/share/fyp_ws/environment/ament_prefix_path.sh
[8.330s] -- Up-to-date symlink: /home/gregory2/fyp_ws/install/fyp_ws/share/fyp_ws/environment/ament_prefix_path.dsv
[8.330s] -- Up-to-date symlink: /home/gregory2/fyp_ws/install/fyp_ws/share/fyp_ws/environment/path.sh
[8.331s] -- Up-to-date symlink: /home/gregory2/fyp_ws/install/fyp_ws/share/fyp_ws/environment/path.dsv
[8.331s] -- Up-to-date symlink: /home/gregory2/fyp_ws/install/fyp_ws/share/fyp_ws/local_setup.bash
[8.331s] -- Up-to-date symlink: /home/gregory2/fyp_ws/install/fyp_ws/share/fyp_ws/local_setup.sh
[8.331s] -- Up-to-date symlink: /home/gregory2/fyp_ws/install/fyp_ws/share/fyp_ws/local_setup.zsh
[8.332s] -- Up-to-date symlink: /home/gregory2/fyp_ws/install/fyp_ws/share/fyp_ws/local_setup.dsv
[8.332s] -- Symlinking: /home/gregory2/fyp_ws/install/fyp_ws/share/fyp_ws/package.dsv
[8.344s] -- Up-to-date symlink: /home/gregory2/fyp_ws/install/fyp_ws/share/ament_index/resource_index/packages/fyp_ws
[8.344s] -- Up-to-date symlink: /home/gregory2/fyp_ws/install/fyp_ws/share/fyp_ws/cmake/fyp_wsConfig.cmake
[8.345s] -- Up-to-date symlink: /home/gregory2/fyp_ws/install/fyp_ws/share/fyp_ws/cmake/fyp_wsConfig-version.cmake
[8.345s] -- Up-to-date symlink: /home/gregory2/fyp_ws/install/fyp_ws/share/fyp_ws/package.xml
[8.347s] Invoked command in '/home/gregory2/fyp_ws/build/fyp_ws' returned '0': CMAKE_PREFIX_PATH=${CMAKE_PREFIX_PATH}:/opt/ros/jazzy DEBUGINFOD_URLS=https://debuginfod.ubuntu.com /usr/bin/cmake --install /home/gregory2/fyp_ws/build/fyp_ws
