-- Found ament_cmake: 2.5.2 (/opt/ros/jazzy/share/ament_cmake/cmake)
-- Override CMake install command with custom implementation using symlinks instead of copying resources
-- Found rclcpp: 28.1.3 (/opt/ros/jazzy/share/rclcpp/cmake)
-- Found rosidl_generator_c: 4.6.3 (/opt/ros/jazzy/share/rosidl_generator_c/cmake)
-- Found rosidl_generator_cpp: 4.6.3 (/opt/ros/jazzy/share/rosidl_generator_cpp/cmake)
-- Using all available rosidl_typesupport_c: rosidl_typesupport_fastrtps_c;rosidl_typesupport_introspection_c
-- Using all available rosidl_typesupport_cpp: rosidl_typesupport_fastrtps_cpp;rosidl_typesupport_introspection_cpp
-- Found rmw_implementation_cmake: 7.3.1 (/opt/ros/jazzy/share/rmw_implementation_cmake/cmake)
-- Found rmw_fastrtps_cpp: 8.4.1 (/opt/ros/jazzy/share/rmw_fastrtps_cpp/cmake)
-- Using RMW implementation 'rmw_fastrtps_cpp' as default
-- Found std_msgs: 5.3.5 (/opt/ros/jazzy/share/std_msgs/cmake)
-- Found geometry_msgs: 5.3.5 (/opt/ros/jazzy/share/geometry_msgs/cmake)
-- Found control_msgs: 5.2.0 (/opt/ros/jazzy/share/control_msgs/cmake)
-- Found rclcpp_action: 28.1.3 (/opt/ros/jazzy/share/rclcpp_action/cmake)
[31mCMake Error at CMakeLists.txt:21 (find_package):
  By not providing "Findgz_sensors.cmake" in CMAKE_MODULE_PATH this project
  has asked CMake to find a package configuration file provided by
  "gz_sensors", but CMake did not find one.

  Could not find a package configuration file provided by "gz_sensors" with
  any of the following names:

    gz_sensorsConfig.cmake
    gz_sensors-config.cmake

  Add the installation prefix of "gz_sensors" to CMAKE_PREFIX_PATH or set
  "gz_sensors_DIR" to a directory containing one of the above files.  If
  "gz_sensors" provides a separate development package or SDK, be sure it has
  been installed.

[0m
-- Configuring incomplete, errors occurred!
gmake: *** [Makefile:308: cmake_check_build_system] Error 1
