[0.941s] DEBUG:colcon:Command line arguments: ['/usr/bin/colcon', 'build', '--symlink-install']
[0.941s] DEBUG:colcon:Parsed command line arguments: Namespace(log_base=None, log_level=None, verb_name='build', build_base='build', install_base='install', merge_install=False, symlink_install=True, test_result_base=None, continue_on_error=False, executor='parallel', parallel_workers=4, event_handlers=None, ignore_user_meta=False, metas=['./colcon.meta'], base_paths=['.'], packages_ignore=None, packages_ignore_regex=None, paths=None, packages_up_to=None, packages_up_to_regex=None, packages_above=None, packages_above_and_dependencies=None, packages_above_depth=None, packages_select_by_dep=None, packages_skip_by_dep=None, packages_skip_up_to=None, packages_select_build_failed=False, packages_skip_build_finished=False, packages_select_test_failures=False, packages_skip_test_passed=False, packages_select=None, packages_skip=None, packages_select_regex=None, packages_skip_regex=None, packages_start=None, packages_end=None, allow_overriding=[], cmake_args=None, cmake_target=None, cmake_target_skip_unavailable=False, cmake_clean_cache=False, cmake_clean_first=False, cmake_force_configure=False, ament_cmake_args=None, catkin_cmake_args=None, catkin_skip_building_tests=False, mixin_files=None, mixin=None, verb_parser=<colcon_mixin.mixin.mixin_argument.MixinArgumentDecorator object at 0x7edfa862e720>, verb_extension=<colcon_core.verb.build.BuildVerb object at 0x7edfa85d8740>, main=<bound method BuildVerb.main of <colcon_core.verb.build.BuildVerb object at 0x7edfa85d8740>>, mixin_verb=('build',))
[1.324s] Level 1:colcon.colcon_core.package_discovery:discover_packages(colcon_meta) check parameters
[1.324s] Level 1:colcon.colcon_core.package_discovery:discover_packages(recursive) check parameters
[1.324s] Level 1:colcon.colcon_core.package_discovery:discover_packages(ignore) check parameters
[1.324s] Level 1:colcon.colcon_core.package_discovery:discover_packages(path) check parameters
[1.324s] Level 1:colcon.colcon_core.package_discovery:discover_packages(colcon_meta) discover
[1.324s] Level 1:colcon.colcon_core.package_discovery:discover_packages(recursive) discover
[1.324s] INFO:colcon.colcon_core.package_discovery:Crawling recursively for packages in '/home/gregory2/fyp_ws'
[1.325s] Level 1:colcon.colcon_core.package_identification:_identify(.) by extensions ['ignore', 'ignore_ament_install']
[1.325s] Level 1:colcon.colcon_core.package_identification:_identify(.) by extension 'ignore'
[1.325s] Level 1:colcon.colcon_core.package_identification:_identify(.) by extension 'ignore_ament_install'
[1.325s] Level 1:colcon.colcon_core.package_identification:_identify(.) by extensions ['colcon_pkg']
[1.325s] Level 1:colcon.colcon_core.package_identification:_identify(.) by extension 'colcon_pkg'
[1.325s] Level 1:colcon.colcon_core.package_identification:_identify(.) by extensions ['colcon_meta']
[1.325s] Level 1:colcon.colcon_core.package_identification:_identify(.) by extension 'colcon_meta'
[1.325s] Level 1:colcon.colcon_core.package_identification:_identify(.) by extensions ['ros']
[1.325s] Level 1:colcon.colcon_core.package_identification:_identify(.) by extension 'ros'
[1.450s] DEBUG:colcon.colcon_core.package_identification:Package '.' with type 'ros.ament_cmake' and name 'fyp_ws'
[1.450s] Level 1:colcon.colcon_core.package_discovery:discover_packages(recursive) using defaults
[1.450s] Level 1:colcon.colcon_core.package_discovery:discover_packages(ignore) discover
[1.450s] Level 1:colcon.colcon_core.package_discovery:discover_packages(ignore) using defaults
[1.450s] Level 1:colcon.colcon_core.package_discovery:discover_packages(path) discover
[1.450s] Level 1:colcon.colcon_core.package_discovery:discover_packages(path) using defaults
[1.633s] Level 1:colcon.colcon_core.package_discovery:discover_packages(prefix_path) check parameters
[1.633s] Level 1:colcon.colcon_core.package_discovery:discover_packages(prefix_path) discover
[1.762s] DEBUG:colcon.colcon_installed_package_information.package_discovery:Found 1 installed packages in /home/gregory2/fyp_ws/install
[1.792s] DEBUG:colcon.colcon_installed_package_information.package_discovery:Found 349 installed packages in /opt/ros/jazzy
[1.792s] Level 1:colcon.colcon_core.package_discovery:discover_packages(prefix_path) using defaults
[4.794s] Level 5:colcon.colcon_core.verb:set package 'fyp_ws' build argument 'cmake_args' from command line to 'None'
[4.794s] Level 5:colcon.colcon_core.verb:set package 'fyp_ws' build argument 'cmake_target' from command line to 'None'
[4.795s] Level 5:colcon.colcon_core.verb:set package 'fyp_ws' build argument 'cmake_target_skip_unavailable' from command line to 'False'
[4.795s] Level 5:colcon.colcon_core.verb:set package 'fyp_ws' build argument 'cmake_clean_cache' from command line to 'False'
[4.795s] Level 5:colcon.colcon_core.verb:set package 'fyp_ws' build argument 'cmake_clean_first' from command line to 'False'
[4.795s] Level 5:colcon.colcon_core.verb:set package 'fyp_ws' build argument 'cmake_force_configure' from command line to 'False'
[4.795s] Level 5:colcon.colcon_core.verb:set package 'fyp_ws' build argument 'ament_cmake_args' from command line to 'None'
[4.795s] Level 5:colcon.colcon_core.verb:set package 'fyp_ws' build argument 'catkin_cmake_args' from command line to 'None'
[4.795s] Level 5:colcon.colcon_core.verb:set package 'fyp_ws' build argument 'catkin_skip_building_tests' from command line to 'False'
[4.795s] DEBUG:colcon.colcon_core.verb:Building package 'fyp_ws' with the following arguments: {'ament_cmake_args': None, 'build_base': '/home/gregory2/fyp_ws/build/fyp_ws', 'catkin_cmake_args': None, 'catkin_skip_building_tests': False, 'cmake_args': None, 'cmake_clean_cache': False, 'cmake_clean_first': False, 'cmake_force_configure': False, 'cmake_target': None, 'cmake_target_skip_unavailable': False, 'install_base': '/home/gregory2/fyp_ws/install/fyp_ws', 'merge_install': False, 'path': '/home/gregory2/fyp_ws', 'symlink_install': True, 'test_result_base': None}
[4.795s] INFO:colcon.colcon_core.executor:Executing jobs using 'parallel' executor
[4.796s] DEBUG:colcon.colcon_parallel_executor.executor.parallel:run_until_complete
[4.797s] INFO:colcon.colcon_ros.task.ament_cmake.build:Building ROS package in '/home/gregory2/fyp_ws' with build type 'ament_cmake'
[4.797s] INFO:colcon.colcon_cmake.task.cmake.build:Building CMake package in '/home/gregory2/fyp_ws'
[5.028s] INFO:colcon.colcon_core.plugin_system:Skipping extension 'colcon_core.shell.bat': Not used on non-Windows systems
[5.028s] INFO:colcon.colcon_core.shell:Skip shell extension 'powershell' for command environment: Not usable outside of PowerShell
[5.029s] DEBUG:colcon.colcon_core.shell:Skip shell extension 'dsv' for command environment
[5.075s] DEBUG:colcon.colcon_core.event_handler.log_command:Invoking command in '/home/gregory2/fyp_ws/build/fyp_ws': CMAKE_PREFIX_PATH=${CMAKE_PREFIX_PATH}:/opt/ros/jazzy DEBUGINFOD_URLS=https://debuginfod.ubuntu.com /usr/bin/cmake --build /home/gregory2/fyp_ws/build/fyp_ws -- -j4 -l4
[19.129s] DEBUG:colcon.colcon_core.event_handler.log_command:Invoked command in '/home/gregory2/fyp_ws/build/fyp_ws' returned '0': CMAKE_PREFIX_PATH=${CMAKE_PREFIX_PATH}:/opt/ros/jazzy DEBUGINFOD_URLS=https://debuginfod.ubuntu.com /usr/bin/cmake --build /home/gregory2/fyp_ws/build/fyp_ws -- -j4 -l4
[19.200s] DEBUG:colcon.colcon_core.event_handler.log_command:Invoking command in '/home/gregory2/fyp_ws/build/fyp_ws': CMAKE_PREFIX_PATH=${CMAKE_PREFIX_PATH}:/opt/ros/jazzy DEBUGINFOD_URLS=https://debuginfod.ubuntu.com /usr/bin/cmake --install /home/gregory2/fyp_ws/build/fyp_ws
[19.283s] Level 1:colcon.colcon_core.environment:create_environment_scripts_only(fyp_ws)
[19.284s] DEBUG:colcon.colcon_core.event_handler.log_command:Invoked command in '/home/gregory2/fyp_ws/build/fyp_ws' returned '0': CMAKE_PREFIX_PATH=${CMAKE_PREFIX_PATH}:/opt/ros/jazzy DEBUGINFOD_URLS=https://debuginfod.ubuntu.com /usr/bin/cmake --install /home/gregory2/fyp_ws/build/fyp_ws
[19.371s] Level 1:colcon.colcon_core.environment:checking '/home/gregory2/fyp_ws/install/fyp_ws' for CMake module files
[19.372s] Level 1:colcon.colcon_core.environment:checking '/home/gregory2/fyp_ws/install/fyp_ws' for CMake config files
[19.372s] Level 1:colcon.colcon_core.shell:create_environment_hook('fyp_ws', 'cmake_prefix_path')
[19.372s] INFO:colcon.colcon_core.shell:Creating environment hook '/home/gregory2/fyp_ws/install/fyp_ws/share/fyp_ws/hook/cmake_prefix_path.ps1'
[19.381s] INFO:colcon.colcon_core.shell:Creating environment descriptor '/home/gregory2/fyp_ws/install/fyp_ws/share/fyp_ws/hook/cmake_prefix_path.dsv'
[19.384s] INFO:colcon.colcon_core.shell:Creating environment hook '/home/gregory2/fyp_ws/install/fyp_ws/share/fyp_ws/hook/cmake_prefix_path.sh'
[19.386s] Level 1:colcon.colcon_core.environment:checking '/home/gregory2/fyp_ws/install/fyp_ws/lib'
[19.386s] Level 1:colcon.colcon_core.environment:checking '/home/gregory2/fyp_ws/install/fyp_ws/bin'
[19.386s] Level 1:colcon.colcon_core.environment:checking '/home/gregory2/fyp_ws/install/fyp_ws/lib/pkgconfig/fyp_ws.pc'
[19.386s] Level 1:colcon.colcon_core.environment:checking '/home/gregory2/fyp_ws/install/fyp_ws/lib/python3.12/site-packages'
[19.386s] Level 1:colcon.colcon_core.environment:checking '/home/gregory2/fyp_ws/install/fyp_ws/bin'
[19.387s] INFO:colcon.colcon_core.shell:Creating package script '/home/gregory2/fyp_ws/install/fyp_ws/share/fyp_ws/package.ps1'
[19.388s] INFO:colcon.colcon_core.shell:Creating package descriptor '/home/gregory2/fyp_ws/install/fyp_ws/share/fyp_ws/package.dsv'
[19.389s] INFO:colcon.colcon_core.shell:Creating package script '/home/gregory2/fyp_ws/install/fyp_ws/share/fyp_ws/package.sh'
[19.389s] INFO:colcon.colcon_core.shell:Creating package script '/home/gregory2/fyp_ws/install/fyp_ws/share/fyp_ws/package.bash'
[19.405s] INFO:colcon.colcon_core.shell:Creating package script '/home/gregory2/fyp_ws/install/fyp_ws/share/fyp_ws/package.zsh'
[19.425s] Level 1:colcon.colcon_core.environment:create_file_with_runtime_dependencies(/home/gregory2/fyp_ws/install/fyp_ws/share/colcon-core/packages/fyp_ws)
[19.464s] Level 1:colcon.colcon_core.environment:create_environment_scripts_only(fyp_ws)
[19.464s] Level 1:colcon.colcon_core.environment:checking '/home/gregory2/fyp_ws/install/fyp_ws' for CMake module files
[19.465s] Level 1:colcon.colcon_core.environment:checking '/home/gregory2/fyp_ws/install/fyp_ws' for CMake config files
[19.465s] Level 1:colcon.colcon_core.shell:create_environment_hook('fyp_ws', 'cmake_prefix_path')
[19.465s] INFO:colcon.colcon_core.shell:Creating environment hook '/home/gregory2/fyp_ws/install/fyp_ws/share/fyp_ws/hook/cmake_prefix_path.ps1'
[19.466s] INFO:colcon.colcon_core.shell:Creating environment descriptor '/home/gregory2/fyp_ws/install/fyp_ws/share/fyp_ws/hook/cmake_prefix_path.dsv'
[19.466s] INFO:colcon.colcon_core.shell:Creating environment hook '/home/gregory2/fyp_ws/install/fyp_ws/share/fyp_ws/hook/cmake_prefix_path.sh'
[19.467s] Level 1:colcon.colcon_core.environment:checking '/home/gregory2/fyp_ws/install/fyp_ws/lib'
[19.467s] Level 1:colcon.colcon_core.environment:checking '/home/gregory2/fyp_ws/install/fyp_ws/bin'
[19.467s] Level 1:colcon.colcon_core.environment:checking '/home/gregory2/fyp_ws/install/fyp_ws/lib/pkgconfig/fyp_ws.pc'
[19.467s] Level 1:colcon.colcon_core.environment:checking '/home/gregory2/fyp_ws/install/fyp_ws/lib/python3.12/site-packages'
[19.467s] Level 1:colcon.colcon_core.environment:checking '/home/gregory2/fyp_ws/install/fyp_ws/bin'
[19.468s] INFO:colcon.colcon_core.shell:Creating package script '/home/gregory2/fyp_ws/install/fyp_ws/share/fyp_ws/package.ps1'
[19.468s] INFO:colcon.colcon_core.shell:Creating package descriptor '/home/gregory2/fyp_ws/install/fyp_ws/share/fyp_ws/package.dsv'
[19.469s] INFO:colcon.colcon_core.shell:Creating package script '/home/gregory2/fyp_ws/install/fyp_ws/share/fyp_ws/package.sh'
[19.469s] INFO:colcon.colcon_core.shell:Creating package script '/home/gregory2/fyp_ws/install/fyp_ws/share/fyp_ws/package.bash'
[19.470s] INFO:colcon.colcon_core.shell:Creating package script '/home/gregory2/fyp_ws/install/fyp_ws/share/fyp_ws/package.zsh'
[19.470s] Level 1:colcon.colcon_core.environment:create_file_with_runtime_dependencies(/home/gregory2/fyp_ws/install/fyp_ws/share/colcon-core/packages/fyp_ws)
[19.470s] DEBUG:colcon.colcon_parallel_executor.executor.parallel:closing loop
[19.471s] DEBUG:colcon.colcon_parallel_executor.executor.parallel:loop closed
[19.471s] DEBUG:colcon.colcon_parallel_executor.executor.parallel:run_until_complete finished with '0'
[19.471s] DEBUG:colcon.colcon_core.event_reactor:joining thread
[19.643s] INFO:colcon.colcon_core.plugin_system:Skipping extension 'colcon_notification.desktop_notification.terminal_notifier': Not used on non-Darwin systems
[19.643s] INFO:colcon.colcon_core.plugin_system:Skipping extension 'colcon_notification.desktop_notification.win32': Not used on non-Windows systems
[19.643s] INFO:colcon.colcon_notification.desktop_notification:Sending desktop notification using 'notify2'
[20.820s] DEBUG:colcon.colcon_core.event_reactor:joined thread
[20.820s] INFO:colcon.colcon_core.shell:Creating prefix script '/home/gregory2/fyp_ws/install/local_setup.ps1'
[20.857s] INFO:colcon.colcon_core.shell:Creating prefix util module '/home/gregory2/fyp_ws/install/_local_setup_util_ps1.py'
[20.906s] INFO:colcon.colcon_core.shell:Creating prefix chain script '/home/gregory2/fyp_ws/install/setup.ps1'
[20.908s] INFO:colcon.colcon_core.shell:Creating prefix script '/home/gregory2/fyp_ws/install/local_setup.sh'
[20.960s] INFO:colcon.colcon_core.shell:Creating prefix util module '/home/gregory2/fyp_ws/install/_local_setup_util_sh.py'
[20.961s] INFO:colcon.colcon_core.shell:Creating prefix chain script '/home/gregory2/fyp_ws/install/setup.sh'
[21.005s] INFO:colcon.colcon_core.shell:Creating prefix script '/home/gregory2/fyp_ws/install/local_setup.bash'
[21.058s] INFO:colcon.colcon_core.shell:Creating prefix chain script '/home/gregory2/fyp_ws/install/setup.bash'
[21.060s] INFO:colcon.colcon_core.shell:Creating prefix script '/home/gregory2/fyp_ws/install/local_setup.zsh'
[21.077s] INFO:colcon.colcon_core.shell:Creating prefix chain script '/home/gregory2/fyp_ws/install/setup.zsh'
