[0.023s] Invoking command in '/home/gregory2/fyp_ws/build/fyp_ws': CMAKE_PREFIX_PATH=${CMAKE_PREFIX_PATH}:/opt/ros/jazzy DEBUGINFOD_URLS=https://debuginfod.ubuntu.com /usr/bin/cmake --build /home/gregory2/fyp_ws/build/fyp_ws -- -j4 -l4
[0.106s] [100%] Built target example_diff_drive
[0.107s] [100%] Built target keyboard_control
[0.124s] Invoked command in '/home/gregory2/fyp_ws/build/fyp_ws' returned '0': CMAKE_PREFIX_PATH=${CMAKE_PREFIX_PATH}:/opt/ros/jazzy DEBUGINFOD_URLS=https://debuginfod.ubuntu.com /usr/bin/cmake --build /home/gregory2/fyp_ws/build/fyp_ws -- -j4 -l4
[0.173s] Invoking command in '/home/gregory2/fyp_ws/build/fyp_ws': CMAKE_PREFIX_PATH=${CMAKE_PREFIX_PATH}:/opt/ros/jazzy DEBUGINFOD_URLS=https://debuginfod.ubuntu.com /usr/bin/cmake --install /home/gregory2/fyp_ws/build/fyp_ws
[0.184s] -- Install configuration: ""
[0.185s] -- Execute custom install script
[0.185s] -- Up-to-date symlink: /home/gregory2/fyp_ws/install/fyp_ws/lib/fyp_ws/example_diff_drive
[0.186s] -- Up-to-date symlink: /home/gregory2/fyp_ws/install/fyp_ws/lib/fyp_ws/keyboard_control
[0.186s] -- Up-to-date symlink: /home/gregory2/fyp_ws/install/fyp_ws/share/fyp_ws//launch/diff_drive_example.launch.py
[0.186s] -- Up-to-date symlink: /home/gregory2/fyp_ws/install/fyp_ws/share/fyp_ws//config/diff_drive_controller_velocity.yaml
[0.187s] -- Symlinking: /home/gregory2/fyp_ws/install/fyp_ws/share/fyp_ws//urdf/test_diff_drive.urdf.xacro
[0.199s] -- Up-to-date symlink: /home/gregory2/fyp_ws/install/fyp_ws/share/fyp_ws//worlds/my_world.sdf
[0.199s] -- Up-to-date symlink: /home/gregory2/fyp_ws/install/fyp_ws/share/ament_index/resource_index/package_run_dependencies/fyp_ws
[0.199s] -- Up-to-date symlink: /home/gregory2/fyp_ws/install/fyp_ws/share/ament_index/resource_index/parent_prefix_path/fyp_ws
[0.199s] -- Up-to-date symlink: /home/gregory2/fyp_ws/install/fyp_ws/share/fyp_ws/environment/ament_prefix_path.sh
[0.200s] -- Up-to-date symlink: /home/gregory2/fyp_ws/install/fyp_ws/share/fyp_ws/environment/ament_prefix_path.dsv
[0.200s] -- Up-to-date symlink: /home/gregory2/fyp_ws/install/fyp_ws/share/fyp_ws/environment/path.sh
[0.200s] -- Up-to-date symlink: /home/gregory2/fyp_ws/install/fyp_ws/share/fyp_ws/environment/path.dsv
[0.201s] -- Up-to-date symlink: /home/gregory2/fyp_ws/install/fyp_ws/share/fyp_ws/local_setup.bash
[0.201s] -- Up-to-date symlink: /home/gregory2/fyp_ws/install/fyp_ws/share/fyp_ws/local_setup.sh
[0.202s] -- Up-to-date symlink: /home/gregory2/fyp_ws/install/fyp_ws/share/fyp_ws/local_setup.zsh
[0.202s] -- Up-to-date symlink: /home/gregory2/fyp_ws/install/fyp_ws/share/fyp_ws/local_setup.dsv
[0.203s] -- Symlinking: /home/gregory2/fyp_ws/install/fyp_ws/share/fyp_ws/package.dsv
[0.217s] -- Up-to-date symlink: /home/gregory2/fyp_ws/install/fyp_ws/share/ament_index/resource_index/packages/fyp_ws
[0.217s] -- Up-to-date symlink: /home/gregory2/fyp_ws/install/fyp_ws/share/fyp_ws/cmake/fyp_wsConfig.cmake
[0.217s] -- Up-to-date symlink: /home/gregory2/fyp_ws/install/fyp_ws/share/fyp_ws/cmake/fyp_wsConfig-version.cmake
[0.218s] -- Up-to-date symlink: /home/gregory2/fyp_ws/install/fyp_ws/share/fyp_ws/package.xml
[0.220s] Invoked command in '/home/gregory2/fyp_ws/build/fyp_ws' returned '0': CMAKE_PREFIX_PATH=${CMAKE_PREFIX_PATH}:/opt/ros/jazzy DEBUGINFOD_URLS=https://debuginfod.ubuntu.com /usr/bin/cmake --install /home/gregory2/fyp_ws/build/fyp_ws
