[5.340s] DEBUG:colcon:Command line arguments: ['/usr/bin/colcon', 'build', '--packages-select', 'fyp_ws']
[5.340s] DEBUG:colcon:Parsed command line arguments: Namespace(log_base=None, log_level=None, verb_name='build', build_base='build', install_base='install', merge_install=False, symlink_install=False, test_result_base=None, continue_on_error=False, executor='parallel', parallel_workers=4, event_handlers=None, ignore_user_meta=False, metas=['./colcon.meta'], base_paths=['.'], packages_ignore=None, packages_ignore_regex=None, paths=None, packages_up_to=None, packages_up_to_regex=None, packages_above=None, packages_above_and_dependencies=None, packages_above_depth=None, packages_select_by_dep=None, packages_skip_by_dep=None, packages_skip_up_to=None, packages_select_build_failed=False, packages_skip_build_finished=False, packages_select_test_failures=False, packages_skip_test_passed=False, packages_select=['fyp_ws'], packages_skip=None, packages_select_regex=None, packages_skip_regex=None, packages_start=None, packages_end=None, allow_overriding=[], cmake_args=None, cmake_target=None, cmake_target_skip_unavailable=False, cmake_clean_cache=False, cmake_clean_first=False, cmake_force_configure=False, ament_cmake_args=None, catkin_cmake_args=None, catkin_skip_building_tests=False, mixin_files=None, mixin=None, verb_parser=<colcon_mixin.mixin.mixin_argument.MixinArgumentDecorator object at 0x70889314ac30>, verb_extension=<colcon_core.verb.build.BuildVerb object at 0x7088933f3200>, main=<bound method BuildVerb.main of <colcon_core.verb.build.BuildVerb object at 0x7088933f3200>>, mixin_verb=('build',))
[5.708s] Level 1:colcon.colcon_core.package_discovery:discover_packages(colcon_meta) check parameters
[5.708s] Level 1:colcon.colcon_core.package_discovery:discover_packages(recursive) check parameters
[5.708s] Level 1:colcon.colcon_core.package_discovery:discover_packages(ignore) check parameters
[5.708s] Level 1:colcon.colcon_core.package_discovery:discover_packages(path) check parameters
[5.708s] Level 1:colcon.colcon_core.package_discovery:discover_packages(colcon_meta) discover
[5.708s] Level 1:colcon.colcon_core.package_discovery:discover_packages(recursive) discover
[5.709s] INFO:colcon.colcon_core.package_discovery:Crawling recursively for packages in '/home/gregory2/fyp_ws'
[5.709s] Level 1:colcon.colcon_core.package_identification:_identify(.) by extensions ['ignore', 'ignore_ament_install']
[5.709s] Level 1:colcon.colcon_core.package_identification:_identify(.) by extension 'ignore'
[5.709s] Level 1:colcon.colcon_core.package_identification:_identify(.) by extension 'ignore_ament_install'
[5.709s] Level 1:colcon.colcon_core.package_identification:_identify(.) by extensions ['colcon_pkg']
[5.709s] Level 1:colcon.colcon_core.package_identification:_identify(.) by extension 'colcon_pkg'
[5.709s] Level 1:colcon.colcon_core.package_identification:_identify(.) by extensions ['colcon_meta']
[5.709s] Level 1:colcon.colcon_core.package_identification:_identify(.) by extension 'colcon_meta'
[5.709s] Level 1:colcon.colcon_core.package_identification:_identify(.) by extensions ['ros']
[5.709s] Level 1:colcon.colcon_core.package_identification:_identify(.) by extension 'ros'
[5.866s] DEBUG:colcon.colcon_core.package_identification:Package '.' with type 'ros.ament_cmake' and name 'fyp_ws'
[5.866s] Level 1:colcon.colcon_core.package_discovery:discover_packages(recursive) using defaults
[5.867s] Level 1:colcon.colcon_core.package_discovery:discover_packages(ignore) discover
[5.867s] Level 1:colcon.colcon_core.package_discovery:discover_packages(ignore) using defaults
[5.867s] Level 1:colcon.colcon_core.package_discovery:discover_packages(path) discover
[5.867s] Level 1:colcon.colcon_core.package_discovery:discover_packages(path) using defaults
[6.139s] Level 1:colcon.colcon_core.package_discovery:discover_packages(prefix_path) check parameters
[6.139s] Level 1:colcon.colcon_core.package_discovery:discover_packages(prefix_path) discover
[6.271s] DEBUG:colcon.colcon_installed_package_information.package_discovery:Found 1 installed packages in /home/gregory2/fyp_ws/install
[6.299s] DEBUG:colcon.colcon_installed_package_information.package_discovery:Found 351 installed packages in /opt/ros/jazzy
[6.300s] Level 1:colcon.colcon_core.package_discovery:discover_packages(prefix_path) using defaults
[10.139s] Level 5:colcon.colcon_core.verb:set package 'fyp_ws' build argument 'cmake_args' from command line to 'None'
[10.139s] Level 5:colcon.colcon_core.verb:set package 'fyp_ws' build argument 'cmake_target' from command line to 'None'
[10.139s] Level 5:colcon.colcon_core.verb:set package 'fyp_ws' build argument 'cmake_target_skip_unavailable' from command line to 'False'
[10.139s] Level 5:colcon.colcon_core.verb:set package 'fyp_ws' build argument 'cmake_clean_cache' from command line to 'False'
[10.139s] Level 5:colcon.colcon_core.verb:set package 'fyp_ws' build argument 'cmake_clean_first' from command line to 'False'
[10.139s] Level 5:colcon.colcon_core.verb:set package 'fyp_ws' build argument 'cmake_force_configure' from command line to 'False'
[10.139s] Level 5:colcon.colcon_core.verb:set package 'fyp_ws' build argument 'ament_cmake_args' from command line to 'None'
[10.139s] Level 5:colcon.colcon_core.verb:set package 'fyp_ws' build argument 'catkin_cmake_args' from command line to 'None'
[10.139s] Level 5:colcon.colcon_core.verb:set package 'fyp_ws' build argument 'catkin_skip_building_tests' from command line to 'False'
[10.139s] DEBUG:colcon.colcon_core.verb:Building package 'fyp_ws' with the following arguments: {'ament_cmake_args': None, 'build_base': '/home/gregory2/fyp_ws/build/fyp_ws', 'catkin_cmake_args': None, 'catkin_skip_building_tests': False, 'cmake_args': None, 'cmake_clean_cache': False, 'cmake_clean_first': False, 'cmake_force_configure': False, 'cmake_target': None, 'cmake_target_skip_unavailable': False, 'install_base': '/home/gregory2/fyp_ws/install/fyp_ws', 'merge_install': False, 'path': '/home/gregory2/fyp_ws', 'symlink_install': False, 'test_result_base': None}
[10.139s] INFO:colcon.colcon_core.executor:Executing jobs using 'parallel' executor
[10.140s] DEBUG:colcon.colcon_parallel_executor.executor.parallel:run_until_complete
[10.140s] INFO:colcon.colcon_ros.task.ament_cmake.build:Building ROS package in '/home/gregory2/fyp_ws' with build type 'ament_cmake'
[10.140s] INFO:colcon.colcon_cmake.task.cmake.build:Building CMake package in '/home/gregory2/fyp_ws'
[10.244s] INFO:colcon.colcon_core.plugin_system:Skipping extension 'colcon_core.shell.bat': Not used on non-Windows systems
[10.245s] INFO:colcon.colcon_core.shell:Skip shell extension 'powershell' for command environment: Not usable outside of PowerShell
[10.245s] DEBUG:colcon.colcon_core.shell:Skip shell extension 'dsv' for command environment
[10.318s] DEBUG:colcon.colcon_core.event_handler.log_command:Invoking command in '/home/gregory2/fyp_ws/build/fyp_ws': CMAKE_PREFIX_PATH=${CMAKE_PREFIX_PATH}:/opt/ros/jazzy DEBUGINFOD_URLS=https://debuginfod.ubuntu.com /usr/bin/cmake --build /home/gregory2/fyp_ws/build/fyp_ws -- -j4 -l4
[11.733s] DEBUG:colcon.colcon_core.event_handler.log_command:Invoked command in '/home/gregory2/fyp_ws/build/fyp_ws' returned '0': CMAKE_PREFIX_PATH=${CMAKE_PREFIX_PATH}:/opt/ros/jazzy DEBUGINFOD_URLS=https://debuginfod.ubuntu.com /usr/bin/cmake --build /home/gregory2/fyp_ws/build/fyp_ws -- -j4 -l4
[11.781s] DEBUG:colcon.colcon_core.event_handler.log_command:Invoking command in '/home/gregory2/fyp_ws/build/fyp_ws': CMAKE_PREFIX_PATH=${CMAKE_PREFIX_PATH}:/opt/ros/jazzy DEBUGINFOD_URLS=https://debuginfod.ubuntu.com /usr/bin/cmake --install /home/gregory2/fyp_ws/build/fyp_ws
[11.870s] Level 1:colcon.colcon_core.environment:create_environment_scripts_only(fyp_ws)
[11.871s] DEBUG:colcon.colcon_core.event_handler.log_command:Invoked command in '/home/gregory2/fyp_ws/build/fyp_ws' returned '0': CMAKE_PREFIX_PATH=${CMAKE_PREFIX_PATH}:/opt/ros/jazzy DEBUGINFOD_URLS=https://debuginfod.ubuntu.com /usr/bin/cmake --install /home/gregory2/fyp_ws/build/fyp_ws
[11.960s] Level 1:colcon.colcon_core.environment:checking '/home/gregory2/fyp_ws/install/fyp_ws' for CMake module files
[11.962s] Level 1:colcon.colcon_core.environment:checking '/home/gregory2/fyp_ws/install/fyp_ws' for CMake config files
[11.962s] Level 1:colcon.colcon_core.shell:create_environment_hook('fyp_ws', 'cmake_prefix_path')
[11.963s] INFO:colcon.colcon_core.shell:Creating environment hook '/home/gregory2/fyp_ws/install/fyp_ws/share/fyp_ws/hook/cmake_prefix_path.ps1'
[11.971s] INFO:colcon.colcon_core.shell:Creating environment descriptor '/home/gregory2/fyp_ws/install/fyp_ws/share/fyp_ws/hook/cmake_prefix_path.dsv'
[11.985s] INFO:colcon.colcon_core.shell:Creating environment hook '/home/gregory2/fyp_ws/install/fyp_ws/share/fyp_ws/hook/cmake_prefix_path.sh'
[11.986s] Level 1:colcon.colcon_core.environment:checking '/home/gregory2/fyp_ws/install/fyp_ws/lib'
[11.987s] Level 1:colcon.colcon_core.environment:checking '/home/gregory2/fyp_ws/install/fyp_ws/bin'
[11.987s] Level 1:colcon.colcon_core.environment:checking '/home/gregory2/fyp_ws/install/fyp_ws/lib/pkgconfig/fyp_ws.pc'
[11.987s] Level 1:colcon.colcon_core.environment:checking '/home/gregory2/fyp_ws/install/fyp_ws/lib/python3.12/site-packages'
[11.987s] Level 1:colcon.colcon_core.environment:checking '/home/gregory2/fyp_ws/install/fyp_ws/bin'
[11.988s] INFO:colcon.colcon_core.shell:Creating package script '/home/gregory2/fyp_ws/install/fyp_ws/share/fyp_ws/package.ps1'
[11.989s] INFO:colcon.colcon_core.shell:Creating package descriptor '/home/gregory2/fyp_ws/install/fyp_ws/share/fyp_ws/package.dsv'
[11.990s] INFO:colcon.colcon_core.shell:Creating package script '/home/gregory2/fyp_ws/install/fyp_ws/share/fyp_ws/package.sh'
[11.991s] INFO:colcon.colcon_core.shell:Creating package script '/home/gregory2/fyp_ws/install/fyp_ws/share/fyp_ws/package.bash'
[12.017s] INFO:colcon.colcon_core.shell:Creating package script '/home/gregory2/fyp_ws/install/fyp_ws/share/fyp_ws/package.zsh'
[12.019s] Level 1:colcon.colcon_core.environment:create_file_with_runtime_dependencies(/home/gregory2/fyp_ws/install/fyp_ws/share/colcon-core/packages/fyp_ws)
[12.053s] Level 1:colcon.colcon_core.environment:create_environment_scripts_only(fyp_ws)
[12.054s] Level 1:colcon.colcon_core.environment:checking '/home/gregory2/fyp_ws/install/fyp_ws' for CMake module files
[12.054s] Level 1:colcon.colcon_core.environment:checking '/home/gregory2/fyp_ws/install/fyp_ws' for CMake config files
[12.055s] Level 1:colcon.colcon_core.shell:create_environment_hook('fyp_ws', 'cmake_prefix_path')
[12.055s] INFO:colcon.colcon_core.shell:Creating environment hook '/home/gregory2/fyp_ws/install/fyp_ws/share/fyp_ws/hook/cmake_prefix_path.ps1'
[12.055s] INFO:colcon.colcon_core.shell:Creating environment descriptor '/home/gregory2/fyp_ws/install/fyp_ws/share/fyp_ws/hook/cmake_prefix_path.dsv'
[12.056s] INFO:colcon.colcon_core.shell:Creating environment hook '/home/gregory2/fyp_ws/install/fyp_ws/share/fyp_ws/hook/cmake_prefix_path.sh'
[12.056s] Level 1:colcon.colcon_core.environment:checking '/home/gregory2/fyp_ws/install/fyp_ws/lib'
[12.056s] Level 1:colcon.colcon_core.environment:checking '/home/gregory2/fyp_ws/install/fyp_ws/bin'
[12.056s] Level 1:colcon.colcon_core.environment:checking '/home/gregory2/fyp_ws/install/fyp_ws/lib/pkgconfig/fyp_ws.pc'
[12.057s] Level 1:colcon.colcon_core.environment:checking '/home/gregory2/fyp_ws/install/fyp_ws/lib/python3.12/site-packages'
[12.057s] Level 1:colcon.colcon_core.environment:checking '/home/gregory2/fyp_ws/install/fyp_ws/bin'
[12.057s] INFO:colcon.colcon_core.shell:Creating package script '/home/gregory2/fyp_ws/install/fyp_ws/share/fyp_ws/package.ps1'
[12.058s] INFO:colcon.colcon_core.shell:Creating package descriptor '/home/gregory2/fyp_ws/install/fyp_ws/share/fyp_ws/package.dsv'
[12.058s] INFO:colcon.colcon_core.shell:Creating package script '/home/gregory2/fyp_ws/install/fyp_ws/share/fyp_ws/package.sh'
[12.058s] INFO:colcon.colcon_core.shell:Creating package script '/home/gregory2/fyp_ws/install/fyp_ws/share/fyp_ws/package.bash'
[12.059s] INFO:colcon.colcon_core.shell:Creating package script '/home/gregory2/fyp_ws/install/fyp_ws/share/fyp_ws/package.zsh'
[12.059s] Level 1:colcon.colcon_core.environment:create_file_with_runtime_dependencies(/home/gregory2/fyp_ws/install/fyp_ws/share/colcon-core/packages/fyp_ws)
[12.060s] DEBUG:colcon.colcon_parallel_executor.executor.parallel:closing loop
[12.060s] DEBUG:colcon.colcon_parallel_executor.executor.parallel:loop closed
[12.060s] DEBUG:colcon.colcon_parallel_executor.executor.parallel:run_until_complete finished with '0'
[12.060s] DEBUG:colcon.colcon_core.event_reactor:joining thread
[12.092s] INFO:colcon.colcon_core.plugin_system:Skipping extension 'colcon_notification.desktop_notification.terminal_notifier': Not used on non-Darwin systems
[12.092s] INFO:colcon.colcon_core.plugin_system:Skipping extension 'colcon_notification.desktop_notification.win32': Not used on non-Windows systems
[12.092s] INFO:colcon.colcon_notification.desktop_notification:Sending desktop notification using 'notify2'
[13.606s] DEBUG:colcon.colcon_core.event_reactor:joined thread
[13.606s] INFO:colcon.colcon_core.shell:Creating prefix script '/home/gregory2/fyp_ws/install/local_setup.ps1'
[13.668s] INFO:colcon.colcon_core.shell:Creating prefix util module '/home/gregory2/fyp_ws/install/_local_setup_util_ps1.py'
[13.672s] INFO:colcon.colcon_core.shell:Creating prefix chain script '/home/gregory2/fyp_ws/install/setup.ps1'
[13.674s] INFO:colcon.colcon_core.shell:Creating prefix script '/home/gregory2/fyp_ws/install/local_setup.sh'
[13.716s] INFO:colcon.colcon_core.shell:Creating prefix util module '/home/gregory2/fyp_ws/install/_local_setup_util_sh.py'
[13.717s] INFO:colcon.colcon_core.shell:Creating prefix chain script '/home/gregory2/fyp_ws/install/setup.sh'
[13.718s] INFO:colcon.colcon_core.shell:Creating prefix script '/home/gregory2/fyp_ws/install/local_setup.bash'
[13.736s] INFO:colcon.colcon_core.shell:Creating prefix chain script '/home/gregory2/fyp_ws/install/setup.bash'
[13.739s] INFO:colcon.colcon_core.shell:Creating prefix script '/home/gregory2/fyp_ws/install/local_setup.zsh'
[13.777s] INFO:colcon.colcon_core.shell:Creating prefix chain script '/home/gregory2/fyp_ws/install/setup.zsh'
