[0.199s] Invoking command in '/home/gregory2/fyp_ws/build/fyp_ws': CMAKE_PREFIX_PATH=${CMAKE_PREFIX_PATH}:/opt/ros/jazzy DEBUGINFOD_URLS=https://debuginfod.ubuntu.com /usr/bin/cmake --build /home/gregory2/fyp_ws/build/fyp_ws -- -j4 -l4
[2.943s] -- Found ament_cmake: 2.5.2 (/opt/ros/jazzy/share/ament_cmake/cmake)
[3.476s] -- Override CMake install command with custom implementation using symlinks instead of copying resources
[3.667s] -- Found rclcpp: 28.1.3 (/opt/ros/jazzy/share/rclcpp/cmake)
[4.021s] -- Found rosidl_generator_c: 4.6.3 (/opt/ros/jazzy/share/rosidl_generator_c/cmake)
[4.096s] -- Found rosidl_generator_cpp: 4.6.3 (/opt/ros/jazzy/share/rosidl_generator_cpp/cmake)
[4.173s] -- Using all available rosidl_typesupport_c: rosidl_typesupport_fastrtps_c;rosidl_typesupport_introspection_c
[4.206s] -- Using all available rosidl_typesupport_cpp: rosidl_typesupport_fastrtps_cpp;rosidl_typesupport_introspection_cpp
[4.524s] -- Found rmw_implementation_cmake: 7.3.1 (/opt/ros/jazzy/share/rmw_implementation_cmake/cmake)
[4.552s] -- Found rmw_fastrtps_cpp: 8.4.1 (/opt/ros/jazzy/share/rmw_fastrtps_cpp/cmake)
[4.927s] -- Using RMW implementation 'rmw_fastrtps_cpp' as default
[5.198s] -- Found std_msgs: 5.3.5 (/opt/ros/jazzy/share/std_msgs/cmake)
[5.236s] -- Found geometry_msgs: 5.3.5 (/opt/ros/jazzy/share/geometry_msgs/cmake)
[5.276s] -- Found control_msgs: 5.2.0 (/opt/ros/jazzy/share/control_msgs/cmake)
[5.559s] -- Found rclcpp_action: 28.1.3 (/opt/ros/jazzy/share/rclcpp_action/cmake)
[5.608s] -- Found ros_gz_sim: 1.0.2 (/opt/ros/jazzy/share/ros_gz_sim/cmake)
[5.621s] -- Found ros_gz_bridge: 1.0.2 (/opt/ros/jazzy/share/ros_gz_bridge/cmake)
[5.820s] -- Looking for gz-msgs10 -- found version 10.3.0
[5.909s] -- Searching for dependencies of gz-msgs10
[6.337s] -- Looking for gz-utils2 -- found version 2.2.0
[6.338s] -- Searching for dependencies of gz-utils2
[6.363s] -- Looking for gz-math7 -- found version 7.5.0
[6.363s] -- Searching for dependencies of gz-math7
[6.363s] -- Looking for gz-utils2 -- found version 2.2.0
[6.385s] -- Checking for module 'tinyxml2'
[6.546s] --   Found tinyxml2, version 10.0.0
[6.894s] -- Looking for gz-transport13 -- found version 13.4.0
[6.895s] -- Searching for dependencies of gz-transport13
[6.951s] -- Config-file not installed for ZeroMQ -- checking for pkg-config
[6.958s] -- Checking for module 'libzmq >= 4'
[7.015s] --   Found libzmq, version 4.3.5
[7.154s] -- Checking for module 'uuid'
[7.185s] --   Found uuid, version 2.39.3
[7.232s] -- Looking for gz-utils2 -- found version 2.2.0
[7.232s] -- Searching for dependencies of gz-utils2
[7.232s] -- Searching for <gz-utils2> component [cli]
[7.248s] -- Looking for gz-utils2-cli -- found version 2.2.0
[7.248s] -- Searching for dependencies of gz-utils2-cli
[7.249s] -- Looking for gz-msgs10 -- found version 10.3.0
[7.635s] -- Found xacro: 2.0.11 (/opt/ros/jazzy/share/xacro/cmake)
[7.685s] -- Found ament_lint_auto: 0.17.1 (/opt/ros/jazzy/share/ament_lint_auto/cmake)
[8.009s] -- Added test 'copyright' to check source files copyright and LICENSE
[8.266s] -- Added test 'cppcheck' to perform static code analysis on C / C++ code
[8.266s] -- Configured cppcheck include dirs: /home/gregory2/fyp_ws/include
[8.266s] -- Configured cppcheck exclude dirs and/or files: 
[8.353s] -- Added test 'cpplint' to check C / C++ code against the Google style
[8.353s] -- Configured cpplint exclude dirs and/or files: 
[8.401s] -- Added test 'flake8' to check Python code syntax and style conventions
[8.401s] -- Configured 'flake8' exclude dirs and/or files: 
[8.431s] -- Added test 'lint_cmake' to check CMake code style
[8.454s] -- Added test 'pep257' to check Python code against some of the docstring style conventions in PEP 257
[8.510s] -- Added test 'uncrustify' to check C / C++ code style
[8.510s] -- Configured uncrustify additional arguments: 
[8.519s] -- Added test 'xmllint' to check XML markup files
[8.565s] -- Configuring done (5.9s)
[8.854s] -- Generating done (0.2s)
[8.857s] -- Build files have been written to: /home/gregory2/fyp_ws/build/fyp_ws
[9.352s] [ 50%] Built target example_diff_drive
[9.437s] [100%] Built target keyboard_control
[9.451s] Invoked command in '/home/gregory2/fyp_ws/build/fyp_ws' returned '0': CMAKE_PREFIX_PATH=${CMAKE_PREFIX_PATH}:/opt/ros/jazzy DEBUGINFOD_URLS=https://debuginfod.ubuntu.com /usr/bin/cmake --build /home/gregory2/fyp_ws/build/fyp_ws -- -j4 -l4
[9.503s] Invoking command in '/home/gregory2/fyp_ws/build/fyp_ws': CMAKE_PREFIX_PATH=${CMAKE_PREFIX_PATH}:/opt/ros/jazzy DEBUGINFOD_URLS=https://debuginfod.ubuntu.com /usr/bin/cmake --install /home/gregory2/fyp_ws/build/fyp_ws
[9.513s] -- Install configuration: ""
[9.514s] -- Execute custom install script
[9.514s] -- Up-to-date symlink: /home/gregory2/fyp_ws/install/fyp_ws/lib/fyp_ws/example_diff_drive
[9.514s] -- Up-to-date symlink: /home/gregory2/fyp_ws/install/fyp_ws/lib/fyp_ws/keyboard_control
[9.515s] -- Up-to-date symlink: /home/gregory2/fyp_ws/install/fyp_ws/share/fyp_ws//launch/diff_drive_example.launch.py
[9.515s] -- Up-to-date symlink: /home/gregory2/fyp_ws/install/fyp_ws/share/fyp_ws//config/bridge_config.yaml
[9.516s] -- Up-to-date symlink: /home/gregory2/fyp_ws/install/fyp_ws/share/fyp_ws//config/diff_drive_controller_velocity.yaml
[9.516s] -- Up-to-date symlink: /home/gregory2/fyp_ws/install/fyp_ws/share/fyp_ws//urdf/test_diff_drive.urdf.xacro
[9.516s] -- Up-to-date symlink: /home/gregory2/fyp_ws/install/fyp_ws/share/fyp_ws//worlds/my_world.sdf
[9.516s] -- Up-to-date symlink: /home/gregory2/fyp_ws/install/fyp_ws/share/fyp_ws//rviz/robot_lidar.rviz
[9.517s] -- Up-to-date symlink: /home/gregory2/fyp_ws/install/fyp_ws/share/ament_index/resource_index/package_run_dependencies/fyp_ws
[9.517s] -- Up-to-date symlink: /home/gregory2/fyp_ws/install/fyp_ws/share/ament_index/resource_index/parent_prefix_path/fyp_ws
[9.517s] -- Up-to-date symlink: /home/gregory2/fyp_ws/install/fyp_ws/share/fyp_ws/environment/ament_prefix_path.sh
[9.517s] -- Up-to-date symlink: /home/gregory2/fyp_ws/install/fyp_ws/share/fyp_ws/environment/ament_prefix_path.dsv
[9.518s] -- Up-to-date symlink: /home/gregory2/fyp_ws/install/fyp_ws/share/fyp_ws/environment/path.sh
[9.518s] -- Up-to-date symlink: /home/gregory2/fyp_ws/install/fyp_ws/share/fyp_ws/environment/path.dsv
[9.518s] -- Up-to-date symlink: /home/gregory2/fyp_ws/install/fyp_ws/share/fyp_ws/local_setup.bash
[9.518s] -- Up-to-date symlink: /home/gregory2/fyp_ws/install/fyp_ws/share/fyp_ws/local_setup.sh
[9.519s] -- Up-to-date symlink: /home/gregory2/fyp_ws/install/fyp_ws/share/fyp_ws/local_setup.zsh
[9.519s] -- Up-to-date symlink: /home/gregory2/fyp_ws/install/fyp_ws/share/fyp_ws/local_setup.dsv
[9.519s] -- Symlinking: /home/gregory2/fyp_ws/install/fyp_ws/share/fyp_ws/package.dsv
[9.535s] -- Up-to-date symlink: /home/gregory2/fyp_ws/install/fyp_ws/share/ament_index/resource_index/packages/fyp_ws
[9.535s] -- Up-to-date symlink: /home/gregory2/fyp_ws/install/fyp_ws/share/fyp_ws/cmake/fyp_wsConfig.cmake
[9.535s] -- Up-to-date symlink: /home/gregory2/fyp_ws/install/fyp_ws/share/fyp_ws/cmake/fyp_wsConfig-version.cmake
[9.535s] -- Up-to-date symlink: /home/gregory2/fyp_ws/install/fyp_ws/share/fyp_ws/package.xml
[9.538s] Invoked command in '/home/gregory2/fyp_ws/build/fyp_ws' returned '0': CMAKE_PREFIX_PATH=${CMAKE_PREFIX_PATH}:/opt/ros/jazzy DEBUGINFOD_URLS=https://debuginfod.ubuntu.com /usr/bin/cmake --install /home/gregory2/fyp_ws/build/fyp_ws
