[5.328s] DEBUG:colcon:Command line arguments: ['/usr/bin/colcon', 'build', '--packages-select', 'fyp_ws']
[5.328s] DEBUG:colcon:Parsed command line arguments: Namespace(log_base=None, log_level=None, verb_name='build', build_base='build', install_base='install', merge_install=False, symlink_install=False, test_result_base=None, continue_on_error=False, executor='parallel', parallel_workers=4, event_handlers=None, ignore_user_meta=False, metas=['./colcon.meta'], base_paths=['.'], packages_ignore=None, packages_ignore_regex=None, paths=None, packages_up_to=None, packages_up_to_regex=None, packages_above=None, packages_above_and_dependencies=None, packages_above_depth=None, packages_select_by_dep=None, packages_skip_by_dep=None, packages_skip_up_to=None, packages_select_build_failed=False, packages_skip_build_finished=False, packages_select_test_failures=False, packages_skip_test_passed=False, packages_select=['fyp_ws'], packages_skip=None, packages_select_regex=None, packages_skip_regex=None, packages_start=None, packages_end=None, allow_overriding=[], cmake_args=None, cmake_target=None, cmake_target_skip_unavailable=False, cmake_clean_cache=False, cmake_clean_first=False, cmake_force_configure=False, ament_cmake_args=None, catkin_cmake_args=None, catkin_skip_building_tests=False, mixin_files=None, mixin=None, verb_parser=<colcon_mixin.mixin.mixin_argument.MixinArgumentDecorator object at 0x72f047e7edb0>, verb_extension=<colcon_core.verb.build.BuildVerb object at 0x72f047e2a120>, main=<bound method BuildVerb.main of <colcon_core.verb.build.BuildVerb object at 0x72f047e2a120>>, mixin_verb=('build',))
[5.808s] Level 1:colcon.colcon_core.package_discovery:discover_packages(colcon_meta) check parameters
[5.808s] Level 1:colcon.colcon_core.package_discovery:discover_packages(recursive) check parameters
[5.808s] Level 1:colcon.colcon_core.package_discovery:discover_packages(ignore) check parameters
[5.808s] Level 1:colcon.colcon_core.package_discovery:discover_packages(path) check parameters
[5.808s] Level 1:colcon.colcon_core.package_discovery:discover_packages(colcon_meta) discover
[5.808s] Level 1:colcon.colcon_core.package_discovery:discover_packages(recursive) discover
[5.808s] INFO:colcon.colcon_core.package_discovery:Crawling recursively for packages in '/home/gregory2/fyp_ws'
[5.808s] Level 1:colcon.colcon_core.package_identification:_identify(.) by extensions ['ignore', 'ignore_ament_install']
[5.809s] Level 1:colcon.colcon_core.package_identification:_identify(.) by extension 'ignore'
[5.809s] Level 1:colcon.colcon_core.package_identification:_identify(.) by extension 'ignore_ament_install'
[5.809s] Level 1:colcon.colcon_core.package_identification:_identify(.) by extensions ['colcon_pkg']
[5.809s] Level 1:colcon.colcon_core.package_identification:_identify(.) by extension 'colcon_pkg'
[5.809s] Level 1:colcon.colcon_core.package_identification:_identify(.) by extensions ['colcon_meta']
[5.809s] Level 1:colcon.colcon_core.package_identification:_identify(.) by extension 'colcon_meta'
[5.809s] Level 1:colcon.colcon_core.package_identification:_identify(.) by extensions ['ros']
[5.809s] Level 1:colcon.colcon_core.package_identification:_identify(.) by extension 'ros'
[6.045s] DEBUG:colcon.colcon_core.package_identification:Found ROS schema reference in package manifest in '.'
[6.045s] WARNING:colcon.colcon_core.package_identification:Failed to parse ROS package manifest in '.': Error(s) in package './package.xml':
Error(s):
- The generic dependency on 'ros_gz_sim' is redundant with: exec_depend
- The generic dependency on 'xacro' is redundant with: exec_depend
- The generic dependency on 'robot_state_publisher' is redundant with: exec_depend
[6.045s] Level 1:colcon.colcon_core.package_identification:_identify(.) by extensions ['cmake', 'python']
[6.045s] Level 1:colcon.colcon_core.package_identification:_identify(.) by extension 'cmake'
[6.351s] Level 1:colcon.colcon_core.package_identification:_identify(.) by extension 'python'
[6.351s] DEBUG:colcon.colcon_core.package_identification:Package '.' with type 'cmake' and name 'fyp_ws'
[6.351s] Level 1:colcon.colcon_core.package_discovery:discover_packages(recursive) using defaults
[6.351s] Level 1:colcon.colcon_core.package_discovery:discover_packages(ignore) discover
[6.351s] Level 1:colcon.colcon_core.package_discovery:discover_packages(ignore) using defaults
[6.351s] Level 1:colcon.colcon_core.package_discovery:discover_packages(path) discover
[6.351s] Level 1:colcon.colcon_core.package_discovery:discover_packages(path) using defaults
[6.705s] Level 1:colcon.colcon_core.package_discovery:discover_packages(prefix_path) check parameters
[6.705s] Level 1:colcon.colcon_core.package_discovery:discover_packages(prefix_path) discover
[6.740s] DEBUG:colcon.colcon_installed_package_information.package_discovery:Found 351 installed packages in /opt/ros/jazzy
[6.741s] Level 1:colcon.colcon_core.package_discovery:discover_packages(prefix_path) using defaults
[6.805s] Level 5:colcon.colcon_core.verb:set package 'fyp_ws' build argument 'cmake_args' from command line to 'None'
[6.805s] Level 5:colcon.colcon_core.verb:set package 'fyp_ws' build argument 'cmake_target' from command line to 'None'
[6.805s] Level 5:colcon.colcon_core.verb:set package 'fyp_ws' build argument 'cmake_target_skip_unavailable' from command line to 'False'
[6.805s] Level 5:colcon.colcon_core.verb:set package 'fyp_ws' build argument 'cmake_clean_cache' from command line to 'False'
[6.805s] Level 5:colcon.colcon_core.verb:set package 'fyp_ws' build argument 'cmake_clean_first' from command line to 'False'
[6.806s] Level 5:colcon.colcon_core.verb:set package 'fyp_ws' build argument 'cmake_force_configure' from command line to 'False'
[6.806s] Level 5:colcon.colcon_core.verb:set package 'fyp_ws' build argument 'ament_cmake_args' from command line to 'None'
[6.806s] Level 5:colcon.colcon_core.verb:set package 'fyp_ws' build argument 'catkin_cmake_args' from command line to 'None'
[6.806s] Level 5:colcon.colcon_core.verb:set package 'fyp_ws' build argument 'catkin_skip_building_tests' from command line to 'False'
[6.806s] DEBUG:colcon.colcon_core.verb:Building package 'fyp_ws' with the following arguments: {'ament_cmake_args': None, 'build_base': '/home/gregory2/fyp_ws/build/fyp_ws', 'catkin_cmake_args': None, 'catkin_skip_building_tests': False, 'cmake_args': None, 'cmake_clean_cache': False, 'cmake_clean_first': False, 'cmake_force_configure': False, 'cmake_target': None, 'cmake_target_skip_unavailable': False, 'install_base': '/home/gregory2/fyp_ws/install/fyp_ws', 'merge_install': False, 'path': '/home/gregory2/fyp_ws', 'symlink_install': False, 'test_result_base': None}
[6.806s] INFO:colcon.colcon_core.executor:Executing jobs using 'parallel' executor
[6.807s] DEBUG:colcon.colcon_parallel_executor.executor.parallel:run_until_complete
[6.807s] INFO:colcon.colcon_cmake.task.cmake.build:Building CMake package in '/home/gregory2/fyp_ws'
[6.852s] INFO:colcon.colcon_core.plugin_system:Skipping extension 'colcon_core.shell.bat': Not used on non-Windows systems
[6.852s] INFO:colcon.colcon_core.shell:Skip shell extension 'powershell' for command environment: Not usable outside of PowerShell
[6.852s] DEBUG:colcon.colcon_core.shell:Skip shell extension 'dsv' for command environment
[6.962s] DEBUG:colcon.colcon_core.event_handler.log_command:Invoking command in '/home/gregory2/fyp_ws/build/fyp_ws': DEBUGINFOD_URLS=https://debuginfod.ubuntu.com /usr/bin/cmake --build /home/gregory2/fyp_ws/build/fyp_ws -- -j4 -l4
[51.192s] DEBUG:colcon.colcon_core.event_handler.log_command:Invoked command in '/home/gregory2/fyp_ws/build/fyp_ws' returned '2': DEBUGINFOD_URLS=https://debuginfod.ubuntu.com /usr/bin/cmake --build /home/gregory2/fyp_ws/build/fyp_ws -- -j4 -l4
[51.201s] DEBUG:colcon.colcon_parallel_executor.executor.parallel:closing loop
[51.202s] DEBUG:colcon.colcon_parallel_executor.executor.parallel:loop closed
[51.202s] DEBUG:colcon.colcon_parallel_executor.executor.parallel:run_until_complete finished with '2'
[51.202s] DEBUG:colcon.colcon_core.event_reactor:joining thread
[51.313s] INFO:colcon.colcon_core.plugin_system:Skipping extension 'colcon_notification.desktop_notification.terminal_notifier': Not used on non-Darwin systems
[51.314s] INFO:colcon.colcon_core.plugin_system:Skipping extension 'colcon_notification.desktop_notification.win32': Not used on non-Windows systems
[51.314s] INFO:colcon.colcon_notification.desktop_notification:Sending desktop notification using 'notify2'
[51.389s] DEBUG:colcon.colcon_core.event_reactor:joined thread
[51.389s] INFO:colcon.colcon_core.shell:Creating prefix script '/home/gregory2/fyp_ws/install/local_setup.ps1'
[51.431s] INFO:colcon.colcon_core.shell:Creating prefix util module '/home/gregory2/fyp_ws/install/_local_setup_util_ps1.py'
[51.463s] INFO:colcon.colcon_core.shell:Creating prefix chain script '/home/gregory2/fyp_ws/install/setup.ps1'
[51.469s] INFO:colcon.colcon_core.shell:Creating prefix script '/home/gregory2/fyp_ws/install/local_setup.sh'
[51.474s] INFO:colcon.colcon_core.shell:Creating prefix util module '/home/gregory2/fyp_ws/install/_local_setup_util_sh.py'
[51.474s] INFO:colcon.colcon_core.shell:Creating prefix chain script '/home/gregory2/fyp_ws/install/setup.sh'
[51.476s] INFO:colcon.colcon_core.shell:Creating prefix script '/home/gregory2/fyp_ws/install/local_setup.bash'
[51.538s] INFO:colcon.colcon_core.shell:Creating prefix chain script '/home/gregory2/fyp_ws/install/setup.bash'
[51.539s] INFO:colcon.colcon_core.shell:Creating prefix script '/home/gregory2/fyp_ws/install/local_setup.zsh'
[51.568s] INFO:colcon.colcon_core.shell:Creating prefix chain script '/home/gregory2/fyp_ws/install/setup.zsh'
