[0.020s] Invoking command in '/home/gregory2/fyp_ws/build/fyp_ws': CMAKE_PREFIX_PATH=${CMAKE_PREFIX_PATH}:/opt/ros/jazzy DEBUGINFOD_URLS=https://debuginfod.ubuntu.com /usr/bin/cmake --build /home/gregory2/fyp_ws/build/fyp_ws -- -j4 -l4
[0.054s] -- Found ament_cmake: 2.5.2 (/opt/ros/jazzy/share/ament_cmake/cmake)
[0.323s] -- Override CMake install command with custom implementation using symlinks instead of copying resources
[0.332s] -- Found rclcpp: 28.1.3 (/opt/ros/jazzy/share/rclcpp/cmake)
[0.371s] -- Found rosidl_generator_c: 4.6.3 (/opt/ros/jazzy/share/rosidl_generator_c/cmake)
[0.384s] -- Found rosidl_generator_cpp: 4.6.3 (/opt/ros/jazzy/share/rosidl_generator_cpp/cmake)
[0.399s] -- Using all available rosidl_typesupport_c: rosidl_typesupport_fastrtps_c;rosidl_typesupport_introspection_c
[0.419s] -- Using all available rosidl_typesupport_cpp: rosidl_typesupport_fastrtps_cpp;rosidl_typesupport_introspection_cpp
[0.500s] -- Found rmw_implementation_cmake: 7.3.1 (/opt/ros/jazzy/share/rmw_implementation_cmake/cmake)
[0.503s] -- Found rmw_fastrtps_cpp: 8.4.1 (/opt/ros/jazzy/share/rmw_fastrtps_cpp/cmake)
[0.591s] -- Using RMW implementation 'rmw_fastrtps_cpp' as default
[0.678s] -- Found std_msgs: 5.3.5 (/opt/ros/jazzy/share/std_msgs/cmake)
[0.695s] -- Found geometry_msgs: 5.3.5 (/opt/ros/jazzy/share/geometry_msgs/cmake)
[0.718s] -- Found control_msgs: 5.2.0 (/opt/ros/jazzy/share/control_msgs/cmake)
[0.876s] -- Found rclcpp_action: 28.1.3 (/opt/ros/jazzy/share/rclcpp_action/cmake)
[0.889s] -- Found ros_gz_sim: 1.0.2 (/opt/ros/jazzy/share/ros_gz_sim/cmake)
[0.891s] -- Found ros_gz_bridge: 1.0.2 (/opt/ros/jazzy/share/ros_gz_bridge/cmake)
[0.941s] -- Looking for gz-msgs10 -- found version 10.3.0
[0.947s] -- Searching for dependencies of gz-msgs10
[0.974s] -- Looking for gz-utils2 -- found version 2.2.0
[0.974s] -- Searching for dependencies of gz-utils2
[0.976s] -- Looking for gz-math7 -- found version 7.5.0
[0.976s] -- Searching for dependencies of gz-math7
[0.978s] -- Looking for gz-utils2 -- found version 2.2.0
[0.985s] -- Checking for module 'tinyxml2'
[1.024s] --   Found tinyxml2, version 10.0.0
[1.245s] -- Looking for gz-transport13 -- found version 13.4.0
[1.245s] -- Searching for dependencies of gz-transport13
[1.286s] -- Config-file not installed for ZeroMQ -- checking for pkg-config
[1.292s] -- Checking for module 'libzmq >= 4'
[1.315s] --   Found libzmq, version 4.3.5
[1.375s] -- Checking for module 'uuid'
[1.397s] --   Found uuid, version 2.39.3
[1.444s] -- Looking for gz-utils2 -- found version 2.2.0
[1.444s] -- Searching for dependencies of gz-utils2
[1.444s] -- Searching for <gz-utils2> component [cli]
[1.444s] -- Looking for gz-utils2-cli -- found version 2.2.0
[1.445s] -- Searching for dependencies of gz-utils2-cli
[1.446s] -- Looking for gz-msgs10 -- found version 10.3.0
[1.660s] -- Found ament_lint_auto: 0.17.1 (/opt/ros/jazzy/share/ament_lint_auto/cmake)
[1.973s] -- Added test 'copyright' to check source files copyright and LICENSE
[2.010s] -- Added test 'cppcheck' to perform static code analysis on C / C++ code
[2.011s] -- Configured cppcheck include dirs: /home/gregory2/fyp_ws/include
[2.011s] -- Configured cppcheck exclude dirs and/or files: 
[2.047s] -- Added test 'cpplint' to check C / C++ code against the Google style
[2.047s] -- Configured cpplint exclude dirs and/or files: 
[2.053s] -- Added test 'flake8' to check Python code syntax and style conventions
[2.053s] -- Configured 'flake8' exclude dirs and/or files: 
[2.062s] -- Added test 'lint_cmake' to check CMake code style
[2.067s] -- Added test 'pep257' to check Python code against some of the docstring style conventions in PEP 257
[2.100s] -- Added test 'uncrustify' to check C / C++ code style
[2.100s] -- Configured uncrustify additional arguments: 
[2.107s] -- Added test 'xmllint' to check XML markup files
[2.111s] -- Configuring done (2.1s)
[2.268s] -- Generating done (0.1s)
[2.271s] -- Build files have been written to: /home/gregory2/fyp_ws/build/fyp_ws
[2.523s] [100%] Built target keyboard_control
[2.523s] [100%] Built target example_diff_drive
[2.538s] Invoked command in '/home/gregory2/fyp_ws/build/fyp_ws' returned '0': CMAKE_PREFIX_PATH=${CMAKE_PREFIX_PATH}:/opt/ros/jazzy DEBUGINFOD_URLS=https://debuginfod.ubuntu.com /usr/bin/cmake --build /home/gregory2/fyp_ws/build/fyp_ws -- -j4 -l4
[2.586s] Invoking command in '/home/gregory2/fyp_ws/build/fyp_ws': CMAKE_PREFIX_PATH=${CMAKE_PREFIX_PATH}:/opt/ros/jazzy DEBUGINFOD_URLS=https://debuginfod.ubuntu.com /usr/bin/cmake --install /home/gregory2/fyp_ws/build/fyp_ws
[2.597s] -- Install configuration: ""
[2.597s] -- Execute custom install script
[2.598s] -- Up-to-date symlink: /home/gregory2/fyp_ws/install/fyp_ws/lib/fyp_ws/example_diff_drive
[2.598s] -- Up-to-date symlink: /home/gregory2/fyp_ws/install/fyp_ws/lib/fyp_ws/keyboard_control
[2.598s] -- Up-to-date symlink: /home/gregory2/fyp_ws/install/fyp_ws/share/fyp_ws//launch/diff_drive_example.launch.py
[2.599s] -- Up-to-date symlink: /home/gregory2/fyp_ws/install/fyp_ws/share/fyp_ws//config/diff_drive_controller_velocity.yaml
[2.599s] -- Up-to-date symlink: /home/gregory2/fyp_ws/install/fyp_ws/share/fyp_ws//urdf/test_diff_drive.xacro.urdf
[2.599s] -- Symlinking: /home/gregory2/fyp_ws/install/fyp_ws/share/fyp_ws//worlds/my_world.sdf
[2.616s] -- Up-to-date symlink: /home/gregory2/fyp_ws/install/fyp_ws/share/ament_index/resource_index/package_run_dependencies/fyp_ws
[2.616s] -- Up-to-date symlink: /home/gregory2/fyp_ws/install/fyp_ws/share/ament_index/resource_index/parent_prefix_path/fyp_ws
[2.617s] -- Up-to-date symlink: /home/gregory2/fyp_ws/install/fyp_ws/share/fyp_ws/environment/ament_prefix_path.sh
[2.617s] -- Up-to-date symlink: /home/gregory2/fyp_ws/install/fyp_ws/share/fyp_ws/environment/ament_prefix_path.dsv
[2.617s] -- Up-to-date symlink: /home/gregory2/fyp_ws/install/fyp_ws/share/fyp_ws/environment/path.sh
[2.618s] -- Up-to-date symlink: /home/gregory2/fyp_ws/install/fyp_ws/share/fyp_ws/environment/path.dsv
[2.618s] -- Up-to-date symlink: /home/gregory2/fyp_ws/install/fyp_ws/share/fyp_ws/local_setup.bash
[2.618s] -- Up-to-date symlink: /home/gregory2/fyp_ws/install/fyp_ws/share/fyp_ws/local_setup.sh
[2.618s] -- Up-to-date symlink: /home/gregory2/fyp_ws/install/fyp_ws/share/fyp_ws/local_setup.zsh
[2.619s] -- Up-to-date symlink: /home/gregory2/fyp_ws/install/fyp_ws/share/fyp_ws/local_setup.dsv
[2.619s] -- Symlinking: /home/gregory2/fyp_ws/install/fyp_ws/share/fyp_ws/package.dsv
[2.631s] -- Up-to-date symlink: /home/gregory2/fyp_ws/install/fyp_ws/share/ament_index/resource_index/packages/fyp_ws
[2.632s] -- Up-to-date symlink: /home/gregory2/fyp_ws/install/fyp_ws/share/fyp_ws/cmake/fyp_wsConfig.cmake
[2.632s] -- Up-to-date symlink: /home/gregory2/fyp_ws/install/fyp_ws/share/fyp_ws/cmake/fyp_wsConfig-version.cmake
[2.632s] -- Up-to-date symlink: /home/gregory2/fyp_ws/install/fyp_ws/share/fyp_ws/package.xml
[2.634s] Invoked command in '/home/gregory2/fyp_ws/build/fyp_ws' returned '0': CMAKE_PREFIX_PATH=${CMAKE_PREFIX_PATH}:/opt/ros/jazzy DEBUGINFOD_URLS=https://debuginfod.ubuntu.com /usr/bin/cmake --install /home/gregory2/fyp_ws/build/fyp_ws
