[0.622s] DEBUG:colcon:Command line arguments: ['/usr/bin/colcon', 'build', '--packages-select', 'fyp_ws']
[0.623s] DEBUG:colcon:Parsed command line arguments: Namespace(log_base=None, log_level=None, verb_name='build', build_base='build', install_base='install', merge_install=False, symlink_install=False, test_result_base=None, continue_on_error=False, executor='parallel', parallel_workers=4, event_handlers=None, ignore_user_meta=False, metas=['./colcon.meta'], base_paths=['.'], packages_ignore=None, packages_ignore_regex=None, paths=None, packages_up_to=None, packages_up_to_regex=None, packages_above=None, packages_above_and_dependencies=None, packages_above_depth=None, packages_select_by_dep=None, packages_skip_by_dep=None, packages_skip_up_to=None, packages_select_build_failed=False, packages_skip_build_finished=False, packages_select_test_failures=False, packages_skip_test_passed=False, packages_select=['fyp_ws'], packages_skip=None, packages_select_regex=None, packages_skip_regex=None, packages_start=None, packages_end=None, allow_overriding=[], cmake_args=None, cmake_target=None, cmake_target_skip_unavailable=False, cmake_clean_cache=False, cmake_clean_first=False, cmake_force_configure=False, ament_cmake_args=None, catkin_cmake_args=None, catkin_skip_building_tests=False, mixin_files=None, mixin=None, verb_parser=<colcon_mixin.mixin.mixin_argument.MixinArgumentDecorator object at 0x7d3569473350>, verb_extension=<colcon_core.verb.build.BuildVerb object at 0x7d35694210a0>, main=<bound method BuildVerb.main of <colcon_core.verb.build.BuildVerb object at 0x7d35694210a0>>, mixin_verb=('build',))
[0.988s] Level 1:colcon.colcon_core.package_discovery:discover_packages(colcon_meta) check parameters
[0.988s] Level 1:colcon.colcon_core.package_discovery:discover_packages(recursive) check parameters
[0.988s] Level 1:colcon.colcon_core.package_discovery:discover_packages(ignore) check parameters
[0.988s] Level 1:colcon.colcon_core.package_discovery:discover_packages(path) check parameters
[0.988s] Level 1:colcon.colcon_core.package_discovery:discover_packages(colcon_meta) discover
[0.988s] Level 1:colcon.colcon_core.package_discovery:discover_packages(recursive) discover
[0.989s] INFO:colcon.colcon_core.package_discovery:Crawling recursively for packages in '/home/gregory2/fyp_ws'
[0.989s] Level 1:colcon.colcon_core.package_identification:_identify(.) by extensions ['ignore', 'ignore_ament_install']
[0.989s] Level 1:colcon.colcon_core.package_identification:_identify(.) by extension 'ignore'
[0.989s] Level 1:colcon.colcon_core.package_identification:_identify(.) by extension 'ignore_ament_install'
[0.989s] Level 1:colcon.colcon_core.package_identification:_identify(.) by extensions ['colcon_pkg']
[0.989s] Level 1:colcon.colcon_core.package_identification:_identify(.) by extension 'colcon_pkg'
[0.989s] Level 1:colcon.colcon_core.package_identification:_identify(.) by extensions ['colcon_meta']
[0.989s] Level 1:colcon.colcon_core.package_identification:_identify(.) by extension 'colcon_meta'
[0.989s] Level 1:colcon.colcon_core.package_identification:_identify(.) by extensions ['ros']
[0.989s] Level 1:colcon.colcon_core.package_identification:_identify(.) by extension 'ros'
[1.025s] DEBUG:colcon.colcon_core.package_identification:Package '.' with type 'ros.ament_cmake' and name 'fyp_ws'
[1.025s] Level 1:colcon.colcon_core.package_discovery:discover_packages(recursive) using defaults
[1.025s] Level 1:colcon.colcon_core.package_discovery:discover_packages(ignore) discover
[1.025s] Level 1:colcon.colcon_core.package_discovery:discover_packages(ignore) using defaults
[1.025s] Level 1:colcon.colcon_core.package_discovery:discover_packages(path) discover
[1.025s] Level 1:colcon.colcon_core.package_discovery:discover_packages(path) using defaults
[1.222s] Level 1:colcon.colcon_core.package_discovery:discover_packages(prefix_path) check parameters
[1.222s] Level 1:colcon.colcon_core.package_discovery:discover_packages(prefix_path) discover
[1.262s] DEBUG:colcon.colcon_installed_package_information.package_discovery:Found 1 installed packages in /home/gregory2/fyp_ws/install
[1.265s] DEBUG:colcon.colcon_installed_package_information.package_discovery:Found 351 installed packages in /opt/ros/jazzy
[1.265s] Level 1:colcon.colcon_core.package_discovery:discover_packages(prefix_path) using defaults
[1.388s] Level 5:colcon.colcon_core.verb:set package 'fyp_ws' build argument 'cmake_args' from command line to 'None'
[1.388s] Level 5:colcon.colcon_core.verb:set package 'fyp_ws' build argument 'cmake_target' from command line to 'None'
[1.388s] Level 5:colcon.colcon_core.verb:set package 'fyp_ws' build argument 'cmake_target_skip_unavailable' from command line to 'False'
[1.388s] Level 5:colcon.colcon_core.verb:set package 'fyp_ws' build argument 'cmake_clean_cache' from command line to 'False'
[1.388s] Level 5:colcon.colcon_core.verb:set package 'fyp_ws' build argument 'cmake_clean_first' from command line to 'False'
[1.388s] Level 5:colcon.colcon_core.verb:set package 'fyp_ws' build argument 'cmake_force_configure' from command line to 'False'
[1.388s] Level 5:colcon.colcon_core.verb:set package 'fyp_ws' build argument 'ament_cmake_args' from command line to 'None'
[1.388s] Level 5:colcon.colcon_core.verb:set package 'fyp_ws' build argument 'catkin_cmake_args' from command line to 'None'
[1.388s] Level 5:colcon.colcon_core.verb:set package 'fyp_ws' build argument 'catkin_skip_building_tests' from command line to 'False'
[1.389s] DEBUG:colcon.colcon_core.verb:Building package 'fyp_ws' with the following arguments: {'ament_cmake_args': None, 'build_base': '/home/gregory2/fyp_ws/build/fyp_ws', 'catkin_cmake_args': None, 'catkin_skip_building_tests': False, 'cmake_args': None, 'cmake_clean_cache': False, 'cmake_clean_first': False, 'cmake_force_configure': False, 'cmake_target': None, 'cmake_target_skip_unavailable': False, 'install_base': '/home/gregory2/fyp_ws/install/fyp_ws', 'merge_install': False, 'path': '/home/gregory2/fyp_ws', 'symlink_install': False, 'test_result_base': None}
[1.389s] INFO:colcon.colcon_core.executor:Executing jobs using 'parallel' executor
[1.389s] DEBUG:colcon.colcon_parallel_executor.executor.parallel:run_until_complete
[1.390s] INFO:colcon.colcon_ros.task.ament_cmake.build:Building ROS package in '/home/gregory2/fyp_ws' with build type 'ament_cmake'
[1.390s] INFO:colcon.colcon_cmake.task.cmake.build:Building CMake package in '/home/gregory2/fyp_ws'
[1.466s] INFO:colcon.colcon_core.plugin_system:Skipping extension 'colcon_core.shell.bat': Not used on non-Windows systems
[1.466s] INFO:colcon.colcon_core.shell:Skip shell extension 'powershell' for command environment: Not usable outside of PowerShell
[1.467s] DEBUG:colcon.colcon_core.shell:Skip shell extension 'dsv' for command environment
[1.544s] DEBUG:colcon.colcon_core.event_handler.log_command:Invoking command in '/home/gregory2/fyp_ws/build/fyp_ws': CMAKE_PREFIX_PATH=${CMAKE_PREFIX_PATH}:/opt/ros/jazzy DEBUGINFOD_URLS=https://debuginfod.ubuntu.com /usr/bin/cmake --build /home/gregory2/fyp_ws/build/fyp_ws -- -j4 -l4
[3.062s] DEBUG:colcon.colcon_core.event_handler.log_command:Invoked command in '/home/gregory2/fyp_ws/build/fyp_ws' returned '0': CMAKE_PREFIX_PATH=${CMAKE_PREFIX_PATH}:/opt/ros/jazzy DEBUGINFOD_URLS=https://debuginfod.ubuntu.com /usr/bin/cmake --build /home/gregory2/fyp_ws/build/fyp_ws -- -j4 -l4
[3.112s] DEBUG:colcon.colcon_core.event_handler.log_command:Invoking command in '/home/gregory2/fyp_ws/build/fyp_ws': CMAKE_PREFIX_PATH=${CMAKE_PREFIX_PATH}:/opt/ros/jazzy DEBUGINFOD_URLS=https://debuginfod.ubuntu.com /usr/bin/cmake --install /home/gregory2/fyp_ws/build/fyp_ws
[3.256s] Level 1:colcon.colcon_core.environment:create_environment_scripts_only(fyp_ws)
[3.257s] DEBUG:colcon.colcon_core.event_handler.log_command:Invoked command in '/home/gregory2/fyp_ws/build/fyp_ws' returned '0': CMAKE_PREFIX_PATH=${CMAKE_PREFIX_PATH}:/opt/ros/jazzy DEBUGINFOD_URLS=https://debuginfod.ubuntu.com /usr/bin/cmake --install /home/gregory2/fyp_ws/build/fyp_ws
[3.348s] Level 1:colcon.colcon_core.environment:checking '/home/gregory2/fyp_ws/install/fyp_ws' for CMake module files
[3.349s] Level 1:colcon.colcon_core.environment:checking '/home/gregory2/fyp_ws/install/fyp_ws' for CMake config files
[3.349s] Level 1:colcon.colcon_core.shell:create_environment_hook('fyp_ws', 'cmake_prefix_path')
[3.350s] INFO:colcon.colcon_core.shell:Creating environment hook '/home/gregory2/fyp_ws/install/fyp_ws/share/fyp_ws/hook/cmake_prefix_path.ps1'
[3.358s] INFO:colcon.colcon_core.shell:Creating environment descriptor '/home/gregory2/fyp_ws/install/fyp_ws/share/fyp_ws/hook/cmake_prefix_path.dsv'
[3.362s] INFO:colcon.colcon_core.shell:Creating environment hook '/home/gregory2/fyp_ws/install/fyp_ws/share/fyp_ws/hook/cmake_prefix_path.sh'
[3.363s] Level 1:colcon.colcon_core.environment:checking '/home/gregory2/fyp_ws/install/fyp_ws/lib'
[3.364s] Level 1:colcon.colcon_core.environment:checking '/home/gregory2/fyp_ws/install/fyp_ws/bin'
[3.364s] Level 1:colcon.colcon_core.environment:checking '/home/gregory2/fyp_ws/install/fyp_ws/lib/pkgconfig/fyp_ws.pc'
[3.364s] Level 1:colcon.colcon_core.environment:checking '/home/gregory2/fyp_ws/install/fyp_ws/lib/python3.12/site-packages'
[3.364s] Level 1:colcon.colcon_core.environment:checking '/home/gregory2/fyp_ws/install/fyp_ws/bin'
[3.365s] INFO:colcon.colcon_core.shell:Creating package script '/home/gregory2/fyp_ws/install/fyp_ws/share/fyp_ws/package.ps1'
[3.386s] INFO:colcon.colcon_core.shell:Creating package descriptor '/home/gregory2/fyp_ws/install/fyp_ws/share/fyp_ws/package.dsv'
[3.387s] INFO:colcon.colcon_core.shell:Creating package script '/home/gregory2/fyp_ws/install/fyp_ws/share/fyp_ws/package.sh'
[3.388s] INFO:colcon.colcon_core.shell:Creating package script '/home/gregory2/fyp_ws/install/fyp_ws/share/fyp_ws/package.bash'
[3.416s] INFO:colcon.colcon_core.shell:Creating package script '/home/gregory2/fyp_ws/install/fyp_ws/share/fyp_ws/package.zsh'
[3.434s] Level 1:colcon.colcon_core.environment:create_file_with_runtime_dependencies(/home/gregory2/fyp_ws/install/fyp_ws/share/colcon-core/packages/fyp_ws)
[3.470s] Level 1:colcon.colcon_core.environment:create_environment_scripts_only(fyp_ws)
[3.470s] Level 1:colcon.colcon_core.environment:checking '/home/gregory2/fyp_ws/install/fyp_ws' for CMake module files
[3.471s] Level 1:colcon.colcon_core.environment:checking '/home/gregory2/fyp_ws/install/fyp_ws' for CMake config files
[3.471s] Level 1:colcon.colcon_core.shell:create_environment_hook('fyp_ws', 'cmake_prefix_path')
[3.471s] INFO:colcon.colcon_core.shell:Creating environment hook '/home/gregory2/fyp_ws/install/fyp_ws/share/fyp_ws/hook/cmake_prefix_path.ps1'
[3.471s] INFO:colcon.colcon_core.shell:Creating environment descriptor '/home/gregory2/fyp_ws/install/fyp_ws/share/fyp_ws/hook/cmake_prefix_path.dsv'
[3.472s] INFO:colcon.colcon_core.shell:Creating environment hook '/home/gregory2/fyp_ws/install/fyp_ws/share/fyp_ws/hook/cmake_prefix_path.sh'
[3.472s] Level 1:colcon.colcon_core.environment:checking '/home/gregory2/fyp_ws/install/fyp_ws/lib'
[3.473s] Level 1:colcon.colcon_core.environment:checking '/home/gregory2/fyp_ws/install/fyp_ws/bin'
[3.473s] Level 1:colcon.colcon_core.environment:checking '/home/gregory2/fyp_ws/install/fyp_ws/lib/pkgconfig/fyp_ws.pc'
[3.473s] Level 1:colcon.colcon_core.environment:checking '/home/gregory2/fyp_ws/install/fyp_ws/lib/python3.12/site-packages'
[3.473s] Level 1:colcon.colcon_core.environment:checking '/home/gregory2/fyp_ws/install/fyp_ws/bin'
[3.473s] INFO:colcon.colcon_core.shell:Creating package script '/home/gregory2/fyp_ws/install/fyp_ws/share/fyp_ws/package.ps1'
[3.474s] INFO:colcon.colcon_core.shell:Creating package descriptor '/home/gregory2/fyp_ws/install/fyp_ws/share/fyp_ws/package.dsv'
[3.474s] INFO:colcon.colcon_core.shell:Creating package script '/home/gregory2/fyp_ws/install/fyp_ws/share/fyp_ws/package.sh'
[3.475s] INFO:colcon.colcon_core.shell:Creating package script '/home/gregory2/fyp_ws/install/fyp_ws/share/fyp_ws/package.bash'
[3.475s] INFO:colcon.colcon_core.shell:Creating package script '/home/gregory2/fyp_ws/install/fyp_ws/share/fyp_ws/package.zsh'
[3.476s] Level 1:colcon.colcon_core.environment:create_file_with_runtime_dependencies(/home/gregory2/fyp_ws/install/fyp_ws/share/colcon-core/packages/fyp_ws)
[3.476s] DEBUG:colcon.colcon_parallel_executor.executor.parallel:closing loop
[3.476s] DEBUG:colcon.colcon_parallel_executor.executor.parallel:loop closed
[3.476s] DEBUG:colcon.colcon_parallel_executor.executor.parallel:run_until_complete finished with '0'
[3.477s] DEBUG:colcon.colcon_core.event_reactor:joining thread
[3.546s] INFO:colcon.colcon_core.plugin_system:Skipping extension 'colcon_notification.desktop_notification.terminal_notifier': Not used on non-Darwin systems
[3.547s] INFO:colcon.colcon_core.plugin_system:Skipping extension 'colcon_notification.desktop_notification.win32': Not used on non-Windows systems
[3.547s] INFO:colcon.colcon_notification.desktop_notification:Sending desktop notification using 'notify2'
[3.854s] DEBUG:colcon.colcon_core.event_reactor:joined thread
[3.855s] INFO:colcon.colcon_core.shell:Creating prefix script '/home/gregory2/fyp_ws/install/local_setup.ps1'
[3.913s] INFO:colcon.colcon_core.shell:Creating prefix util module '/home/gregory2/fyp_ws/install/_local_setup_util_ps1.py'
[3.962s] INFO:colcon.colcon_core.shell:Creating prefix chain script '/home/gregory2/fyp_ws/install/setup.ps1'
[3.964s] INFO:colcon.colcon_core.shell:Creating prefix script '/home/gregory2/fyp_ws/install/local_setup.sh'
[3.970s] INFO:colcon.colcon_core.shell:Creating prefix util module '/home/gregory2/fyp_ws/install/_local_setup_util_sh.py'
[3.971s] INFO:colcon.colcon_core.shell:Creating prefix chain script '/home/gregory2/fyp_ws/install/setup.sh'
[3.972s] INFO:colcon.colcon_core.shell:Creating prefix script '/home/gregory2/fyp_ws/install/local_setup.bash'
[3.993s] INFO:colcon.colcon_core.shell:Creating prefix chain script '/home/gregory2/fyp_ws/install/setup.bash'
[3.994s] INFO:colcon.colcon_core.shell:Creating prefix script '/home/gregory2/fyp_ws/install/local_setup.zsh'
[4.011s] INFO:colcon.colcon_core.shell:Creating prefix chain script '/home/gregory2/fyp_ws/install/setup.zsh'
