[0.018s] Invoking command in '/home/gregory2/fyp_ws/build/fyp_ws': CMAKE_PREFIX_PATH=${CMAKE_PREFIX_PATH}:/opt/ros/jazzy DEBUGINFOD_URLS=https://debuginfod.ubuntu.com /usr/bin/cmake --build /home/gregory2/fyp_ws/build/fyp_ws -- -j4 -l4
[0.054s] -- Found ament_cmake: 2.5.2 (/opt/ros/jazzy/share/ament_cmake/cmake)
[0.344s] -- Override CMake install command with custom implementation using symlinks instead of copying resources
[0.354s] -- Found rclcpp: 28.1.3 (/opt/ros/jazzy/share/rclcpp/cmake)
[0.389s] -- Found rosidl_generator_c: 4.6.3 (/opt/ros/jazzy/share/rosidl_generator_c/cmake)
[0.400s] -- Found rosidl_generator_cpp: 4.6.3 (/opt/ros/jazzy/share/rosidl_generator_cpp/cmake)
[0.418s] -- Using all available rosidl_typesupport_c: rosidl_typesupport_fastrtps_c;rosidl_typesupport_introspection_c
[0.439s] -- Using all available rosidl_typesupport_cpp: rosidl_typesupport_fastrtps_cpp;rosidl_typesupport_introspection_cpp
[0.522s] -- Found rmw_implementation_cmake: 7.3.1 (/opt/ros/jazzy/share/rmw_implementation_cmake/cmake)
[0.523s] -- Found rmw_fastrtps_cpp: 8.4.1 (/opt/ros/jazzy/share/rmw_fastrtps_cpp/cmake)
[0.608s] -- Using RMW implementation 'rmw_fastrtps_cpp' as default
[0.697s] -- Found std_msgs: 5.3.5 (/opt/ros/jazzy/share/std_msgs/cmake)
[0.718s] -- Found geometry_msgs: 5.3.5 (/opt/ros/jazzy/share/geometry_msgs/cmake)
[0.737s] -- Found control_msgs: 5.2.0 (/opt/ros/jazzy/share/control_msgs/cmake)
[0.894s] -- Found rclcpp_action: 28.1.3 (/opt/ros/jazzy/share/rclcpp_action/cmake)
[0.910s] -- Found ros_gz_sim: 1.0.2 (/opt/ros/jazzy/share/ros_gz_sim/cmake)
[0.912s] -- Found ros_gz_bridge: 1.0.2 (/opt/ros/jazzy/share/ros_gz_bridge/cmake)
[0.957s] -- Looking for gz-msgs10 -- found version 10.3.0
[0.963s] -- Searching for dependencies of gz-msgs10
[0.989s] -- Looking for gz-utils2 -- found version 2.2.0
[0.989s] -- Searching for dependencies of gz-utils2
[0.991s] -- Looking for gz-math7 -- found version 7.5.0
[0.991s] -- Searching for dependencies of gz-math7
[0.991s] -- Looking for gz-utils2 -- found version 2.2.0
[0.998s] -- Checking for module 'tinyxml2'
[1.020s] --   Found tinyxml2, version 10.0.0
[1.236s] -- Looking for gz-transport13 -- found version 13.4.0
[1.236s] -- Searching for dependencies of gz-transport13
[1.280s] -- Config-file not installed for ZeroMQ -- checking for pkg-config
[1.286s] -- Checking for module 'libzmq >= 4'
[1.308s] --   Found libzmq, version 4.3.5
[1.366s] -- Checking for module 'uuid'
[1.385s] --   Found uuid, version 2.39.3
[1.432s] -- Looking for gz-utils2 -- found version 2.2.0
[1.432s] -- Searching for dependencies of gz-utils2
[1.432s] -- Searching for <gz-utils2> component [cli]
[1.433s] -- Looking for gz-utils2-cli -- found version 2.2.0
[1.433s] -- Searching for dependencies of gz-utils2-cli
[1.434s] -- Looking for gz-msgs10 -- found version 10.3.0
[1.639s] -- Found xacro: 2.0.11 (/opt/ros/jazzy/share/xacro/cmake)
[1.641s] -- Found ament_lint_auto: 0.17.1 (/opt/ros/jazzy/share/ament_lint_auto/cmake)
[1.771s] -- Added test 'copyright' to check source files copyright and LICENSE
[1.815s] -- Added test 'cppcheck' to perform static code analysis on C / C++ code
[1.816s] -- Configured cppcheck include dirs: /home/gregory2/fyp_ws/include
[1.816s] -- Configured cppcheck exclude dirs and/or files: 
[1.857s] -- Added test 'cpplint' to check C / C++ code against the Google style
[1.857s] -- Configured cpplint exclude dirs and/or files: 
[1.862s] -- Added test 'flake8' to check Python code syntax and style conventions
[1.863s] -- Configured 'flake8' exclude dirs and/or files: 
[1.873s] -- Added test 'lint_cmake' to check CMake code style
[1.878s] -- Added test 'pep257' to check Python code against some of the docstring style conventions in PEP 257
[1.925s] -- Added test 'uncrustify' to check C / C++ code style
[1.925s] -- Configured uncrustify additional arguments: 
[1.930s] -- Added test 'xmllint' to check XML markup files
[1.932s] -- Configuring done (1.9s)
[1.937s] [31mCMake Error at CMakeLists.txt:30 (add_executable):
[1.938s]   Cannot find source file:
[1.938s] 
[1.938s]     examples/keyboard_control.cpp
[1.938s] 
[1.938s]   Tried extensions .c .C .c++ .cc .cpp .cxx .cu .mpp .m .M .mm .ixx .cppm
[1.938s]   .ccm .cxxm .c++m .h .hh .h++ .hm .hpp .hxx .in .txx .f .F .for .f77 .f90
[1.938s]   .f95 .f03 .hip .ispc
[1.938s] 
[1.938s] [0m
[1.940s] [31mCMake Error at CMakeLists.txt:30 (add_executable):
[1.940s]   No SOURCES given to target: keyboard_control
[1.940s] 
[1.940s] [0m
[1.940s] [0mCMake Generate step failed.  Build files cannot be regenerated correctly.[0m
[1.953s] gmake: *** [Makefile:267: cmake_check_build_system] Error 1
[1.956s] Invoked command in '/home/gregory2/fyp_ws/build/fyp_ws' returned '2': CMAKE_PREFIX_PATH=${CMAKE_PREFIX_PATH}:/opt/ros/jazzy DEBUGINFOD_URLS=https://debuginfod.ubuntu.com /usr/bin/cmake --build /home/gregory2/fyp_ws/build/fyp_ws -- -j4 -l4
