[0.236s] Invoking command in '/home/gregory2/fyp_ws/build/fyp_ws': CMAKE_PREFIX_PATH=${CMAKE_PREFIX_PATH}:/opt/ros/jazzy DEBUGINFOD_URLS=https://debuginfod.ubuntu.com /usr/bin/cmake --build /home/gregory2/fyp_ws/build/fyp_ws -- -j4 -l4
[2.229s] [100%] Built target keyboard_control
[2.243s] Invoked command in '/home/gregory2/fyp_ws/build/fyp_ws' returned '0': CMAKE_PREFIX_PATH=${CMAKE_PREFIX_PATH}:/opt/ros/jazzy DEBUGINFOD_URLS=https://debuginfod.ubuntu.com /usr/bin/cmake --build /home/gregory2/fyp_ws/build/fyp_ws -- -j4 -l4
[2.322s] Invoking command in '/home/gregory2/fyp_ws/build/fyp_ws': CMAKE_PREFIX_PATH=${CMAKE_PREFIX_PATH}:/opt/ros/jazzy DEBUGINFOD_URLS=https://debuginfod.ubuntu.com /usr/bin/cmake --install /home/gregory2/fyp_ws/build/fyp_ws
[2.396s] -- Install configuration: ""
[2.459s] -- Execute custom install script
[2.504s] -- Up-to-date symlink: /home/gregory2/fyp_ws/install/fyp_ws/lib/fyp_ws/keyboard_control
[2.506s] -- Up-to-date symlink: /home/gregory2/fyp_ws/install/fyp_ws/share/fyp_ws//launch/dodobot.launch.py
[2.507s] -- Up-to-date symlink: /home/gregory2/fyp_ws/install/fyp_ws/share/fyp_ws//launch/dodobot_outdoor.launch.py
[2.507s] -- Up-to-date symlink: /home/gregory2/fyp_ws/install/fyp_ws/share/fyp_ws//config/bridge_config.yaml
[2.508s] -- Up-to-date symlink: /home/gregory2/fyp_ws/install/fyp_ws/share/fyp_ws//config/controller.yaml
[2.508s] -- Up-to-date symlink: /home/gregory2/fyp_ws/install/fyp_ws/share/fyp_ws//urdf/dodobot.urdf.xacro
[2.511s] -- Up-to-date symlink: /home/gregory2/fyp_ws/install/fyp_ws/share/fyp_ws//worlds/my_world.sdf
[2.512s] -- Up-to-date symlink: /home/gregory2/fyp_ws/install/fyp_ws/share/fyp_ws//worlds/outdoor.sdf
[2.516s] -- Up-to-date symlink: /home/gregory2/fyp_ws/install/fyp_ws/share/fyp_ws//rviz/robot_lidar.rviz
[2.517s] -- Up-to-date symlink: /home/gregory2/fyp_ws/install/fyp_ws/share/ament_index/resource_index/package_run_dependencies/fyp_ws
[2.518s] -- Up-to-date symlink: /home/gregory2/fyp_ws/install/fyp_ws/share/ament_index/resource_index/parent_prefix_path/fyp_ws
[2.519s] -- Up-to-date symlink: /home/gregory2/fyp_ws/install/fyp_ws/share/fyp_ws/environment/ament_prefix_path.sh
[2.519s] -- Up-to-date symlink: /home/gregory2/fyp_ws/install/fyp_ws/share/fyp_ws/environment/ament_prefix_path.dsv
[2.520s] -- Up-to-date symlink: /home/gregory2/fyp_ws/install/fyp_ws/share/fyp_ws/environment/path.sh
[2.520s] -- Up-to-date symlink: /home/gregory2/fyp_ws/install/fyp_ws/share/fyp_ws/environment/path.dsv
[2.520s] -- Up-to-date symlink: /home/gregory2/fyp_ws/install/fyp_ws/share/fyp_ws/local_setup.bash
[2.521s] -- Up-to-date symlink: /home/gregory2/fyp_ws/install/fyp_ws/share/fyp_ws/local_setup.sh
[2.521s] -- Up-to-date symlink: /home/gregory2/fyp_ws/install/fyp_ws/share/fyp_ws/local_setup.zsh
[2.521s] -- Up-to-date symlink: /home/gregory2/fyp_ws/install/fyp_ws/share/fyp_ws/local_setup.dsv
[2.521s] -- Symlinking: /home/gregory2/fyp_ws/install/fyp_ws/share/fyp_ws/package.dsv
[2.534s] -- Up-to-date symlink: /home/gregory2/fyp_ws/install/fyp_ws/share/ament_index/resource_index/packages/fyp_ws
[2.534s] -- Up-to-date symlink: /home/gregory2/fyp_ws/install/fyp_ws/share/fyp_ws/cmake/fyp_wsConfig.cmake
[2.535s] -- Up-to-date symlink: /home/gregory2/fyp_ws/install/fyp_ws/share/fyp_ws/cmake/fyp_wsConfig-version.cmake
[2.535s] -- Up-to-date symlink: /home/gregory2/fyp_ws/install/fyp_ws/share/fyp_ws/package.xml
[2.537s] Invoked command in '/home/gregory2/fyp_ws/build/fyp_ws' returned '0': CMAKE_PREFIX_PATH=${CMAKE_PREFIX_PATH}:/opt/ros/jazzy DEBUGINFOD_URLS=https://debuginfod.ubuntu.com /usr/bin/cmake --install /home/gregory2/fyp_ws/build/fyp_ws
